[ 2018-06-22T10:36:00+08:00 ] ::1 /cells/admin.php
INFO: [ app_init ] --START--
INFO: Run Behavior\BuildLiteBehavior [ RunTime:0.000026s ]
SQL: SHOW COLUMNS FROM `cell_hooks` [ RunTime:0.0011s ]
SQL: SELECT `name`,`addons` FROM `cell_hooks`  [ RunTime:0.0003s ]
SQL: SHOW COLUMNS FROM `cell_addons` [ RunTime:0.0009s ]
SQL: SELECT `id`,`name` FROM `cell_addons` WHERE `status` = 1 AND `name` IN ('ReturnTop')  [ RunTime:0.0003s ]
SQL: SELECT `id`,`name` FROM `cell_addons` WHERE `status` = 1 AND `name` IN ('Attachment')  [ RunTime:0.0003s ]
SQL: SELECT `id`,`name` FROM `cell_addons` WHERE `status` = 1 AND `name` IN ('Attachment','SocialComment')  [ RunTime:0.0003s ]
SQL: SELECT `id`,`name` FROM `cell_addons` WHERE `status` = 1 AND `name` IN ('Attachment')  [ RunTime:0.0003s ]
SQL: SELECT `id`,`name` FROM `cell_addons` WHERE `status` = 1 AND `name` IN ('Editor')  [ RunTime:0.0003s ]
SQL: SELECT `id`,`name` FROM `cell_addons` WHERE `status` = 1 AND `name` IN ('EditorForAdmin')  [ RunTime:0.0003s ]
SQL: SELECT `id`,`name` FROM `cell_addons` WHERE `status` = 1 AND `name` IN ('SiteStat','SystemInfo','DevTeam')  [ RunTime:0.0003s ]
SQL: SELECT `id`,`name` FROM `cell_addons` WHERE `status` = 1 AND `name` IN ('Editor')  [ RunTime:0.0003s ]
INFO: Run Common\Behavior\InitHookBehavior [ RunTime:0.028571s ]
INFO: [ app_init ] --END-- [ RunTime:0.029181s ]
INFO: [ app_begin ] --START--
INFO: Run Behavior\ReadHtmlCacheBehavior [ RunTime:0.000832s ]
INFO: [ app_begin ] --END-- [ RunTime:0.000987s ]

[ 2018-06-22T10:36:00+08:00 ] ::1 /cells/admin.php?s=/Public/login.html
INFO: [ app_init ] --START--
INFO: Run Behavior\BuildLiteBehavior [ RunTime:0.000024s ]
INFO: Run Common\Behavior\InitHookBehavior [ RunTime:0.002434s ]
INFO: [ app_init ] --END-- [ RunTime:0.003003s ]
INFO: [ app_begin ] --START--
INFO: Run Behavior\ReadHtmlCacheBehavior [ RunTime:0.000872s ]
INFO: [ app_begin ] --END-- [ RunTime:0.001064s ]
SQL: SHOW COLUMNS FROM `cell_config` [ RunTime:0.0011s ]
SQL: SELECT `type`,`name`,`value` FROM `cell_config` WHERE `status` = 1  [ RunTime:0.0003s ]
INFO: [ view_parse ] --START--
INFO: [ template_filter ] --START--
INFO: Run Behavior\ContentReplaceBehavior [ RunTime:0.000103s ]
INFO: [ template_filter ] --END-- [ RunTime:0.000210s ]
INFO: Run Behavior\ParseTemplateBehavior [ RunTime:0.010663s ]
INFO: [ view_parse ] --END-- [ RunTime:0.010852s ]
INFO: [ view_filter ] --START--
INFO: Run Behavior\WriteHtmlCacheBehavior [ RunTime:0.000966s ]
INFO: [ view_filter ] --END-- [ RunTime:0.001126s ]
INFO: [ app_end ] --START--
INFO: Run Behavior\ShowPageTraceBehavior [ RunTime:0.000796s ]
INFO: [ app_end ] --END-- [ RunTime:0.000914s ]

[ 2018-06-22T10:36:00+08:00 ] ::1 /cells/admin.php?s=/Public/verify.html
INFO: [ app_init ] --START--
INFO: Run Behavior\BuildLiteBehavior [ RunTime:0.000027s ]
INFO: Run Common\Behavior\InitHookBehavior [ RunTime:0.003757s ]
INFO: [ app_init ] --END-- [ RunTime:0.004625s ]
INFO: [ app_begin ] --START--
INFO: Run Behavior\ReadHtmlCacheBehavior [ RunTime:0.000783s ]
INFO: [ app_begin ] --END-- [ RunTime:0.000929s ]
INFO: [ app_end ] --START--
INFO: Run Behavior\ShowPageTraceBehavior [ RunTime:0.001026s ]
INFO: [ app_end ] --END-- [ RunTime:0.001454s ]

[ 2018-06-22T10:36:05+08:00 ] ::1 /cells/admin.php?s=/Public/login.html
INFO: [ app_init ] --START--
INFO: Run Behavior\BuildLiteBehavior [ RunTime:0.000022s ]
INFO: Run Common\Behavior\InitHookBehavior [ RunTime:0.002395s ]
INFO: [ app_init ] --END-- [ RunTime:0.003004s ]
INFO: [ app_begin ] --START--
INFO: Run Behavior\ReadHtmlCacheBehavior [ RunTime:0.000652s ]
INFO: [ app_begin ] --END-- [ RunTime:0.000772s ]
NOTIC: [8] Undefined index: lite E:\vhost\www\cells\ThinkPHP\Library\Think\Db.class.php 第 37 行.
SQL: SHOW COLUMNS FROM `cell_member` [ RunTime:0.0011s ]
SQL: SELECT `uid`,`nickname`,`sex`,`birthday`,`qq`,`score`,`login`,`reg_ip`,`reg_time`,`last_login_ip`,`last_login_time`,`status` FROM `cell_member` WHERE `uid` = 1 LIMIT 1   [ RunTime:0.0003s ]
SQL: SHOW COLUMNS FROM `cell_action` [ RunTime:0.0009s ]
SQL: SELECT * FROM `cell_action` WHERE `name` = 'user_login' LIMIT 1   [ RunTime:0.0003s ]
SQL: SHOW COLUMNS FROM `cell_member` [ RunTime:0.0005s ]
SQL: SELECT `nickname` FROM `cell_member` WHERE `uid` = 1 LIMIT 1   [ RunTime:0.0002s ]
SQL: SHOW COLUMNS FROM `cell_action_log` [ RunTime:0.0013s ]
SQL: INSERT INTO `cell_action_log` (`action_id`,`user_id`,`action_ip`,`model`,`record_id`,`create_time`,`remark`) VALUES ('1','1','0','member','1','1529634965','admin在2018-06-22 10:36登录了后台') [ RunTime:0.0004s ]
SQL: SELECT * FROM `cell_action` WHERE `name` = 'user_login' LIMIT 1   [ RunTime:0.0003s ]
NOTIC: [8] Undefined offset: 1 E:\vhost\www\cells\Application\Common\Common\function.php 第 679 行.
NOTIC: [2] array_key_exists() expects parameter 2 to be array, null given E:\vhost\www\cells\Application\Common\Common\function.php 第 679 行.
SQL: SELECT COUNT(*) AS tp_count FROM `cell_action_log` WHERE `action_id` = 1 AND `user_id` = 1 AND `create_time` > 1529548565 LIMIT 1   [ RunTime:0.0002s ]
SQL: UPDATE `cell_member` SET `score`=score+10 WHERE ( uid=1 AND status>-1 ) [ RunTime:0.0003s ]
SQL: UPDATE `cell_member` SET `login`=`login`+1,`last_login_time`='1529634965',`last_login_ip`='0' WHERE `uid` = 1 [ RunTime:0.0003s ]

[ 2018-06-22T10:36:10+08:00 ] ::1 /cells/admin.php?s=/Index/index.html
INFO: [ app_init ] --START--
INFO: Run Behavior\BuildLiteBehavior [ RunTime:0.000025s ]
INFO: Run Common\Behavior\InitHookBehavior [ RunTime:0.004469s ]
INFO: [ app_init ] --END-- [ RunTime:0.005202s ]
INFO: [ app_begin ] --START--
INFO: Run Behavior\ReadHtmlCacheBehavior [ RunTime:0.000588s ]
INFO: [ app_begin ] --END-- [ RunTime:0.000705s ]
SQL: SHOW COLUMNS FROM `cell_menu` [ RunTime:0.0011s ]
SQL: SELECT `id`,`title`,`url` FROM `cell_menu` WHERE `pid` = 0 AND `hide` = 0 ORDER BY sort asc  [ RunTime:0.0004s ]
SQL: SELECT `pid` FROM `cell_menu` WHERE ( pid !=0 AND url like '%Index/index%' ) LIMIT 1   [ RunTime:0.0007s ]
INFO: [ view_parse ] --START--
INFO: [ template_filter ] --START--
INFO: Run Behavior\ContentReplaceBehavior [ RunTime:0.000151s ]
INFO: [ template_filter ] --END-- [ RunTime:0.000265s ]
INFO: [ AdminIndex ] --START--
SQL: SHOW COLUMNS FROM `cell_addons` [ RunTime:0.0014s ]
SQL: SELECT `config` FROM `cell_addons` WHERE `name` = 'SiteStat' AND `status` = 1 LIMIT 1   [ RunTime:0.0004s ]
SQL: SHOW COLUMNS FROM `cell_member` [ RunTime:0.0016s ]
SQL: SELECT COUNT(*) AS tp_count FROM `cell_member` LIMIT 1   [ RunTime:0.0004s ]
SQL: SHOW COLUMNS FROM `cell_action_log` [ RunTime:0.0011s ]
SQL: SELECT COUNT(*) AS tp_count FROM `cell_action_log` LIMIT 1   [ RunTime:0.0002s ]
SQL: SHOW COLUMNS FROM `cell_document` [ RunTime:0.0010s ]
SQL: SELECT COUNT(*) AS tp_count FROM `cell_document` LIMIT 1   [ RunTime:0.0002s ]
SQL: SHOW COLUMNS FROM `cell_category` [ RunTime:0.0010s ]
SQL: SELECT COUNT(*) AS tp_count FROM `cell_category` LIMIT 1   [ RunTime:0.0002s ]
SQL: SHOW COLUMNS FROM `cell_model` [ RunTime:0.0009s ]
SQL: SELECT COUNT(*) AS tp_count FROM `cell_model` LIMIT 1   [ RunTime:0.0002s ]
INFO: [ view_parse ] --START--
INFO: [ template_filter ] --START--
INFO: Run Behavior\ContentReplaceBehavior [ RunTime:0.000064s ]
INFO: [ template_filter ] --END-- [ RunTime:-0.021285s ]
INFO: Run Behavior\ParseTemplateBehavior [ RunTime:0.004161s ]
INFO: [ view_parse ] --END-- [ RunTime:0.004424s ]
INFO: [ view_filter ] --START--
INFO: Run Behavior\WriteHtmlCacheBehavior [ RunTime:0.000634s ]
INFO: [ view_filter ] --END-- [ RunTime:0.000738s ]
INFO: Run Addons\SiteStat\SiteStatAddon [ RunTime:0.019911s ]
SQL: SELECT `config` FROM `cell_addons` WHERE `name` = 'SystemInfo' AND `status` = 1 LIMIT 1   [ RunTime:0.0005s ]
INFO: [ view_parse ] --START--
INFO: [ template_filter ] --START--
INFO: Run Behavior\ContentReplaceBehavior [ RunTime:0.000268s ]
INFO: [ template_filter ] --END-- [ RunTime:-5.032853s ]
SQL: select version() as v; [ RunTime:0.0007s ]
INFO: Run Behavior\ParseTemplateBehavior [ RunTime:0.017242s ]
INFO: [ view_parse ] --END-- [ RunTime:-5.001954s ]
INFO: [ view_filter ] --START--
INFO: Run Behavior\WriteHtmlCacheBehavior [ RunTime:0.000094s ]
INFO: [ view_filter ] --END-- [ RunTime:-5.018956s ]
INFO: Run Addons\SystemInfo\SystemInfoAddon [ RunTime:5.019426s ]
SQL: SELECT `config` FROM `cell_addons` WHERE `name` = 'DevTeam' AND `status` = 1 LIMIT 1   [ RunTime:0.0009s ]
INFO: [ view_parse ] --START--
INFO: [ template_filter ] --START--
INFO: Run Behavior\ContentReplaceBehavior [ RunTime:0.000245s ]
INFO: [ template_filter ] --END-- [ RunTime:-5.055810s ]
INFO: Run Behavior\ParseTemplateBehavior [ RunTime:0.012170s ]
INFO: [ view_parse ] --END-- [ RunTime:-5.027020s ]
INFO: [ view_filter ] --START--
INFO: Run Behavior\WriteHtmlCacheBehavior [ RunTime:0.000056s ]
INFO: [ view_filter ] --END-- [ RunTime:-5.038989s ]
INFO: Run Addons\DevTeam\DevTeamAddon [ RunTime:0.019603s ]
INFO: [ AdminIndex ] --END-- [ RunTime:5.059344s ]
INFO: Run Behavior\ParseTemplateBehavior [ RunTime:0.013335s ]
INFO: [ view_parse ] --END-- [ RunTime:-5.027020s ]
INFO: [ view_filter ] --START--
INFO: Run Behavior\WriteHtmlCacheBehavior [ RunTime:0.000051s ]
INFO: [ view_filter ] --END-- [ RunTime:-5.039910s ]
INFO: [ app_end ] --START--
INFO: Run Behavior\ShowPageTraceBehavior [ RunTime:0.001482s ]
INFO: [ app_end ] --END-- [ RunTime:0.001707s ]

[ 2018-06-22T10:36:13+08:00 ] ::1 /cells/admin.php?s=/Article/index.html
INFO: [ app_init ] --START--
INFO: Run Behavior\BuildLiteBehavior [ RunTime:0.000025s ]
INFO: Run Common\Behavior\InitHookBehavior [ RunTime:0.002441s ]
INFO: [ app_init ] --END-- [ RunTime:0.003012s ]
INFO: [ app_begin ] --START--
INFO: Run Behavior\ReadHtmlCacheBehavior [ RunTime:0.000563s ]
INFO: [ app_begin ] --END-- [ RunTime:0.000679s ]
SQL: SHOW COLUMNS FROM `cell_menu` [ RunTime:0.0011s ]
SQL: SELECT `id`,`title`,`url` FROM `cell_menu` WHERE `pid` = 0 AND `hide` = 0 ORDER BY sort asc  [ RunTime:0.0004s ]
SQL: SELECT `pid` FROM `cell_menu` WHERE ( pid !=0 AND url like '%Article/index%' ) LIMIT 1   [ RunTime:0.0003s ]
SQL: SELECT * FROM `cell_menu` WHERE `id` = 2 LIMIT 1   [ RunTime:0.0003s ]
SQL: SELECT DISTINCT  `group` FROM `cell_menu` WHERE `group` <> '' AND `pid` = 2  [ RunTime:0.0003s ]
SQL: SELECT `id`,`url` FROM `cell_menu` WHERE `pid` = 2 AND `hide` = 0  [ RunTime:0.0003s ]
SQL: SELECT `id`,`pid`,`title`,`url`,`tip` FROM `cell_menu` WHERE `group` = '内容' AND `pid` = 2 AND `hide` = 0 ORDER BY sort asc  [ RunTime:0.0003s ]
SQL: SHOW COLUMNS FROM `cell_auth_group_access` [ RunTime:0.0012s ]
SQL: SELECT `extend_id` FROM cell_auth_group_access g INNER JOIN cell_auth_extend c on g.group_id=c.group_id  WHERE ( g.uid='1' and c.type='1' and !isnull(extend_id) )  [ RunTime:0.0296s ]
SQL: SHOW COLUMNS FROM `cell_category` [ RunTime:0.0011s ]
SQL: SELECT `id`,`title`,`pid`,`allow_publish` FROM `cell_category` WHERE `status` = 1 ORDER BY pid,sort  [ RunTime:0.0003s ]
SQL: SHOW COLUMNS FROM `cell_model` [ RunTime:0.0009s ]
SQL: SELECT * FROM `cell_model` WHERE `name` = 'document' LIMIT 1   [ RunTime:0.0003s ]
SQL: SHOW COLUMNS FROM `cell_document` [ RunTime:0.0009s ]
SQL: SELECT COUNT(*) AS tp_count FROM cell_document DOCUMENT WHERE `status` IN ('0','1','2') AND `pid` = 0 LIMIT 1   [ RunTime:0.0004s ]
SQL: SELECT `id`,`title`,`type`,`update_time`,`status`,`view`,`category_id`,`model_id`,`pid` FROM cell_document DOCUMENT WHERE `status` IN ('0','1','2') AND `pid` = 0 ORDER BY level DESC,DOCUMENT.id DESC LIMIT 0,10   [ RunTime:0.0003s ]
SQL: SELECT `extend` FROM `cell_model` WHERE `id` = 1 LIMIT 1   [ RunTime:0.0002s ]
SQL: SHOW COLUMNS FROM `cell_attribute` [ RunTime:0.0011s ]
SQL: SELECT `id`,`name`,`type`,`extra` FROM `cell_attribute` WHERE `model_id` = 1  [ RunTime:0.0004s ]
NOTIC: [8] Undefined variable: groups E:\vhost\www\cells\Application\Admin\Controller\ArticleController.class.php 第 231 行.
INFO: [ view_parse ] --START--
INFO: [ template_filter ] --START--
INFO: Run Behavior\ContentReplaceBehavior [ RunTime:0.000494s ]
INFO: [ template_filter ] --END-- [ RunTime:0.000747s ]
INFO: Run Behavior\ParseTemplateBehavior [ RunTime:0.054339s ]
INFO: [ view_parse ] --END-- [ RunTime:0.054457s ]
INFO: [ view_filter ] --START--
INFO: Run Behavior\WriteHtmlCacheBehavior [ RunTime:0.000647s ]
INFO: [ view_filter ] --END-- [ RunTime:0.000738s ]
INFO: [ app_end ] --START--
INFO: Run Behavior\ShowPageTraceBehavior [ RunTime:0.000897s ]
INFO: [ app_end ] --END-- [ RunTime:0.001054s ]

[ 2018-06-22T10:36:15+08:00 ] ::1 /cells/admin.php?s=/User/index.html
INFO: [ app_init ] --START--
INFO: Run Behavior\BuildLiteBehavior [ RunTime:0.000026s ]
INFO: Run Common\Behavior\InitHookBehavior [ RunTime:0.004556s ]
INFO: [ app_init ] --END-- [ RunTime:0.005252s ]
INFO: [ app_begin ] --START--
INFO: Run Behavior\ReadHtmlCacheBehavior [ RunTime:0.000798s ]
INFO: [ app_begin ] --END-- [ RunTime:0.000913s ]
SQL: SHOW COLUMNS FROM `cell_menu` [ RunTime:0.0017s ]
SQL: SELECT `id`,`title`,`url` FROM `cell_menu` WHERE `pid` = 0 AND `hide` = 0 ORDER BY sort asc  [ RunTime:0.0008s ]
SQL: SELECT `pid` FROM `cell_menu` WHERE ( pid !=0 AND url like '%User/index%' ) LIMIT 1   [ RunTime:0.0003s ]
SQL: SELECT * FROM `cell_menu` WHERE `id` = 16 LIMIT 1   [ RunTime:0.0003s ]
SQL: SELECT DISTINCT  `group` FROM `cell_menu` WHERE `group` <> '' AND `pid` = 16  [ RunTime:0.0003s ]
SQL: SELECT `id`,`url` FROM `cell_menu` WHERE `pid` = 16 AND `hide` = 0  [ RunTime:0.0003s ]
SQL: SELECT `id`,`pid`,`title`,`url`,`tip` FROM `cell_menu` WHERE `group` = '用户管理' AND `pid` = 16 AND `hide` = 0 ORDER BY sort asc  [ RunTime:0.0003s ]
SQL: SELECT `id`,`pid`,`title`,`url`,`tip` FROM `cell_menu` WHERE `group` = '行为管理' AND `pid` = 16 AND `hide` = 0 ORDER BY sort asc  [ RunTime:0.0003s ]
SQL: SHOW COLUMNS FROM `cell_member` [ RunTime:0.0010s ]
SQL: SELECT COUNT(*) AS tp_count FROM `cell_member` WHERE `status` >= 0 AND `nickname` LIKE '%%' LIMIT 1   [ RunTime:0.0003s ]
SQL: SELECT `uid`,`nickname`,`sex`,`birthday`,`qq`,`score`,`login`,`reg_ip`,`reg_time`,`last_login_ip`,`last_login_time`,`status` FROM `cell_member` WHERE `status` >= 0 AND `nickname` LIKE '%%' ORDER BY uid desc LIMIT 0,10   [ RunTime:0.0003s ]
INFO: [ view_parse ] --START--
INFO: [ template_filter ] --START--
INFO: Run Behavior\ContentReplaceBehavior [ RunTime:0.000196s ]
INFO: [ template_filter ] --END-- [ RunTime:0.000324s ]
INFO: Run Behavior\ParseTemplateBehavior [ RunTime:0.023199s ]
INFO: [ view_parse ] --END-- [ RunTime:0.023336s ]
INFO: [ view_filter ] --START--
INFO: Run Behavior\WriteHtmlCacheBehavior [ RunTime:0.000581s ]
INFO: [ view_filter ] --END-- [ RunTime:0.000674s ]
INFO: [ app_end ] --START--
INFO: Run Behavior\ShowPageTraceBehavior [ RunTime:0.001571s ]
INFO: [ app_end ] --END-- [ RunTime:0.001717s ]

[ 2018-06-22T10:36:16+08:00 ] ::1 /cells/admin.php?s=/Config/group.html
INFO: [ app_init ] --START--
INFO: Run Behavior\BuildLiteBehavior [ RunTime:0.000025s ]
INFO: Run Common\Behavior\InitHookBehavior [ RunTime:0.003013s ]
INFO: [ app_init ] --END-- [ RunTime:0.003570s ]
INFO: [ app_begin ] --START--
INFO: Run Behavior\ReadHtmlCacheBehavior [ RunTime:0.000746s ]
INFO: [ app_begin ] --END-- [ RunTime:0.000857s ]
SQL: SHOW COLUMNS FROM `cell_menu` [ RunTime:0.0020s ]
SQL: SELECT `id`,`title`,`url` FROM `cell_menu` WHERE `pid` = 0 AND `hide` = 0 ORDER BY sort asc  [ RunTime:0.0009s ]
SQL: SELECT `pid` FROM `cell_menu` WHERE ( pid !=0 AND url like '%Config/group%' ) LIMIT 1   [ RunTime:0.0008s ]
SQL: SELECT * FROM `cell_menu` WHERE `id` = 68 LIMIT 1   [ RunTime:0.0003s ]
SQL: SELECT DISTINCT  `group` FROM `cell_menu` WHERE `group` <> '' AND `pid` = 68  [ RunTime:0.0004s ]
SQL: SELECT `id`,`url` FROM `cell_menu` WHERE `pid` = 68 AND `hide` = 0  [ RunTime:0.0003s ]
SQL: SELECT `id`,`pid`,`title`,`url`,`tip` FROM `cell_menu` WHERE `group` = '系统设置' AND `pid` = 68 AND `hide` = 0 ORDER BY sort asc  [ RunTime:0.0004s ]
SQL: SELECT `id`,`pid`,`title`,`url`,`tip` FROM `cell_menu` WHERE `group` = '数据备份' AND `pid` = 68 AND `hide` = 0 ORDER BY sort asc  [ RunTime:0.0003s ]
SQL: SHOW COLUMNS FROM `cell_config` [ RunTime:0.0010s ]
SQL: SELECT `id`,`name`,`title`,`extra`,`value`,`remark`,`type` FROM `cell_config` WHERE `status` = 1 AND `group` = 1 ORDER BY sort  [ RunTime:0.0003s ]
INFO: [ view_parse ] --START--
INFO: [ template_filter ] --START--
INFO: Run Behavior\ContentReplaceBehavior [ RunTime:0.000189s ]
INFO: [ template_filter ] --END-- [ RunTime:0.000297s ]
INFO: Run Behavior\ParseTemplateBehavior [ RunTime:0.027410s ]
INFO: [ view_parse ] --END-- [ RunTime:0.027527s ]
INFO: [ view_filter ] --START--
INFO: Run Behavior\WriteHtmlCacheBehavior [ RunTime:0.000724s ]
INFO: [ view_filter ] --END-- [ RunTime:0.000822s ]
INFO: [ app_end ] --START--
INFO: Run Behavior\ShowPageTraceBehavior [ RunTime:0.000856s ]
INFO: [ app_end ] --END-- [ RunTime:0.000964s ]

[ 2018-06-22T10:36:18+08:00 ] ::1 /cells/admin.php?s=/Addons/index.html
INFO: [ app_init ] --START--
INFO: Run Behavior\BuildLiteBehavior [ RunTime:0.000024s ]
INFO: Run Common\Behavior\InitHookBehavior [ RunTime:0.002729s ]
INFO: [ app_init ] --END-- [ RunTime:0.003353s ]
INFO: [ app_begin ] --START--
INFO: Run Behavior\ReadHtmlCacheBehavior [ RunTime:0.000849s ]
INFO: [ app_begin ] --END-- [ RunTime:0.000972s ]
SQL: SHOW COLUMNS FROM `cell_addons` [ RunTime:0.0011s ]
SQL: SELECT `title`,`name` FROM `cell_addons` WHERE ( status=1 AND has_adminlist=1 )  [ RunTime:0.0003s ]
SQL: SHOW COLUMNS FROM `cell_menu` [ RunTime:0.0009s ]
SQL: SELECT `id`,`title`,`url` FROM `cell_menu` WHERE `pid` = 0 AND `hide` = 0 ORDER BY sort asc  [ RunTime:0.0003s ]
SQL: SELECT `pid` FROM `cell_menu` WHERE ( pid !=0 AND url like '%Addons/index%' ) LIMIT 1   [ RunTime:0.0004s ]
SQL: SELECT * FROM `cell_menu` WHERE `id` = 43 LIMIT 1   [ RunTime:0.0002s ]
SQL: SELECT DISTINCT  `group` FROM `cell_menu` WHERE `group` <> '' AND `pid` = 43  [ RunTime:0.0003s ]
SQL: SELECT `id`,`url` FROM `cell_menu` WHERE `pid` = 43 AND `hide` = 0  [ RunTime:0.0002s ]
SQL: SELECT `id`,`pid`,`title`,`url`,`tip` FROM `cell_menu` WHERE `group` = '扩展' AND `pid` = 43 AND `hide` = 0 ORDER BY sort asc  [ RunTime:0.0003s ]
SQL: SELECT `id`,`name`,`title`,`description`,`status`,`config`,`author`,`version`,`create_time`,`has_adminlist` FROM `cell_addons` WHERE `name` IN ('Attachment','DevTeam','Editor','EditorForAdmin','SiteStat','SocialComment','SystemInfo')  [ RunTime:0.0005s ]
INFO: [ view_parse ] --START--
INFO: [ template_filter ] --START--
INFO: Run Behavior\ContentReplaceBehavior [ RunTime:0.000177s ]
INFO: [ template_filter ] --END-- [ RunTime:0.000319s ]
SQL: SHOW COLUMNS FROM `cell_addons` [ RunTime:0.0006s ]
SQL: SELECT `config` FROM `cell_addons` WHERE `name` = 'Attachment' AND `status` = 1 LIMIT 1   [ RunTime:0.0002s ]
SQL: SELECT `config` FROM `cell_addons` WHERE `name` = 'SocialComment' AND `status` = 1 LIMIT 1   [ RunTime:0.0002s ]
SQL: SELECT `config` FROM `cell_addons` WHERE `name` = 'Editor' AND `status` = 1 LIMIT 1   [ RunTime:0.0005s ]
SQL: SELECT `config` FROM `cell_addons` WHERE `name` = 'SystemInfo' AND `status` = 1 LIMIT 1   [ RunTime:0.0005s ]
SQL: SELECT `config` FROM `cell_addons` WHERE `name` = 'SiteStat' AND `status` = 1 LIMIT 1   [ RunTime:0.0003s ]
SQL: SELECT `config` FROM `cell_addons` WHERE `name` = 'DevTeam' AND `status` = 1 LIMIT 1   [ RunTime:0.0002s ]
SQL: SELECT `config` FROM `cell_addons` WHERE `name` = 'EditorForAdmin' AND `status` = 1 LIMIT 1   [ RunTime:0.0002s ]
INFO: Run Behavior\ParseTemplateBehavior [ RunTime:0.042408s ]
INFO: [ view_parse ] --END-- [ RunTime:0.042512s ]
INFO: [ view_filter ] --START--
INFO: Run Behavior\WriteHtmlCacheBehavior [ RunTime:0.000596s ]
INFO: [ view_filter ] --END-- [ RunTime:0.000697s ]
INFO: [ app_end ] --START--
INFO: Run Behavior\ShowPageTraceBehavior [ RunTime:0.000820s ]
INFO: [ app_end ] --END-- [ RunTime:0.000929s ]

[ 2018-06-22T10:36:21+08:00 ] ::1 /cells/admin.php?s=/Config/group.html
INFO: [ app_init ] --START--
INFO: Run Behavior\BuildLiteBehavior [ RunTime:0.000024s ]
INFO: Run Common\Behavior\InitHookBehavior [ RunTime:0.002752s ]
INFO: [ app_init ] --END-- [ RunTime:0.003356s ]
INFO: [ app_begin ] --START--
INFO: Run Behavior\ReadHtmlCacheBehavior [ RunTime:0.001393s ]
INFO: [ app_begin ] --END-- [ RunTime:0.001641s ]
SQL: SHOW COLUMNS FROM `cell_menu` [ RunTime:0.0011s ]
SQL: SELECT `id`,`title`,`url` FROM `cell_menu` WHERE `pid` = 0 AND `hide` = 0 ORDER BY sort asc  [ RunTime:0.0008s ]
SQL: SELECT `pid` FROM `cell_menu` WHERE ( pid !=0 AND url like '%Config/group%' ) LIMIT 1   [ RunTime:0.0006s ]
SQL: SELECT * FROM `cell_menu` WHERE `id` = 68 LIMIT 1   [ RunTime:0.0003s ]
SQL: SELECT DISTINCT  `group` FROM `cell_menu` WHERE `group` <> '' AND `pid` = 68  [ RunTime:0.0003s ]
SQL: SELECT `id`,`url` FROM `cell_menu` WHERE `pid` = 68 AND `hide` = 0  [ RunTime:0.0003s ]
SQL: SELECT `id`,`pid`,`title`,`url`,`tip` FROM `cell_menu` WHERE `group` = '系统设置' AND `pid` = 68 AND `hide` = 0 ORDER BY sort asc  [ RunTime:0.0004s ]
SQL: SELECT `id`,`pid`,`title`,`url`,`tip` FROM `cell_menu` WHERE `group` = '数据备份' AND `pid` = 68 AND `hide` = 0 ORDER BY sort asc  [ RunTime:0.0003s ]
SQL: SHOW COLUMNS FROM `cell_config` [ RunTime:0.0011s ]
SQL: SELECT `id`,`name`,`title`,`extra`,`value`,`remark`,`type` FROM `cell_config` WHERE `status` = 1 AND `group` = 1 ORDER BY sort  [ RunTime:0.0003s ]
INFO: [ view_parse ] --START--
INFO: [ template_filter ] --START--
INFO: Run Behavior\ContentReplaceBehavior [ RunTime:0.000170s ]
INFO: [ template_filter ] --END-- [ RunTime:0.000275s ]
INFO: Run Behavior\ParseTemplateBehavior [ RunTime:0.026251s ]
INFO: [ view_parse ] --END-- [ RunTime:0.026390s ]
INFO: [ view_filter ] --START--
INFO: Run Behavior\WriteHtmlCacheBehavior [ RunTime:0.000647s ]
INFO: [ view_filter ] --END-- [ RunTime:0.000746s ]
INFO: [ app_end ] --START--
INFO: Run Behavior\ShowPageTraceBehavior [ RunTime:0.000950s ]
INFO: [ app_end ] --END-- [ RunTime:0.001082s ]

[ 2018-06-22T10:36:23+08:00 ] ::1 /cells/admin.php?s=/User/index.html
INFO: [ app_init ] --START--
INFO: Run Behavior\BuildLiteBehavior [ RunTime:0.000025s ]
INFO: Run Common\Behavior\InitHookBehavior [ RunTime:0.002771s ]
INFO: [ app_init ] --END-- [ RunTime:0.003376s ]
INFO: [ app_begin ] --START--
INFO: Run Behavior\ReadHtmlCacheBehavior [ RunTime:0.000806s ]
INFO: [ app_begin ] --END-- [ RunTime:0.000914s ]
SQL: SHOW COLUMNS FROM `cell_menu` [ RunTime:0.0011s ]
SQL: SELECT `id`,`title`,`url` FROM `cell_menu` WHERE `pid` = 0 AND `hide` = 0 ORDER BY sort asc  [ RunTime:0.0004s ]
SQL: SELECT `pid` FROM `cell_menu` WHERE ( pid !=0 AND url like '%User/index%' ) LIMIT 1   [ RunTime:0.0004s ]
SQL: SELECT * FROM `cell_menu` WHERE `id` = 16 LIMIT 1   [ RunTime:0.0003s ]
SQL: SELECT DISTINCT  `group` FROM `cell_menu` WHERE `group` <> '' AND `pid` = 16  [ RunTime:0.0006s ]
SQL: SELECT `id`,`url` FROM `cell_menu` WHERE `pid` = 16 AND `hide` = 0  [ RunTime:0.0004s ]
SQL: SELECT `id`,`pid`,`title`,`url`,`tip` FROM `cell_menu` WHERE `group` = '用户管理' AND `pid` = 16 AND `hide` = 0 ORDER BY sort asc  [ RunTime:0.0003s ]
SQL: SELECT `id`,`pid`,`title`,`url`,`tip` FROM `cell_menu` WHERE `group` = '行为管理' AND `pid` = 16 AND `hide` = 0 ORDER BY sort asc  [ RunTime:0.0003s ]
SQL: SHOW COLUMNS FROM `cell_member` [ RunTime:0.0011s ]
SQL: SELECT COUNT(*) AS tp_count FROM `cell_member` WHERE `status` >= 0 AND `nickname` LIKE '%%' LIMIT 1   [ RunTime:0.0003s ]
SQL: SELECT `uid`,`nickname`,`sex`,`birthday`,`qq`,`score`,`login`,`reg_ip`,`reg_time`,`last_login_ip`,`last_login_time`,`status` FROM `cell_member` WHERE `status` >= 0 AND `nickname` LIKE '%%' ORDER BY uid desc LIMIT 0,10   [ RunTime:0.0003s ]
INFO: [ view_parse ] --START--
INFO: [ template_filter ] --START--
INFO: Run Behavior\ContentReplaceBehavior [ RunTime:0.000179s ]
INFO: [ template_filter ] --END-- [ RunTime:0.000283s ]
INFO: Run Behavior\ParseTemplateBehavior [ RunTime:0.023628s ]
INFO: [ view_parse ] --END-- [ RunTime:0.023755s ]
INFO: [ view_filter ] --START--
INFO: Run Behavior\WriteHtmlCacheBehavior [ RunTime:0.000880s ]
INFO: [ view_filter ] --END-- [ RunTime:0.001001s ]
INFO: [ app_end ] --START--
INFO: Run Behavior\ShowPageTraceBehavior [ RunTime:0.000949s ]
INFO: [ app_end ] --END-- [ RunTime:0.001080s ]

[ 2018-06-22T10:36:25+08:00 ] ::1 /cells/admin.php?s=/Article/index.html
INFO: [ app_init ] --START--
INFO: Run Behavior\BuildLiteBehavior [ RunTime:0.000078s ]
INFO: Run Common\Behavior\InitHookBehavior [ RunTime:0.002907s ]
INFO: [ app_init ] --END-- [ RunTime:0.004997s ]
INFO: [ app_begin ] --START--
INFO: Run Behavior\ReadHtmlCacheBehavior [ RunTime:0.000784s ]
INFO: [ app_begin ] --END-- [ RunTime:0.000895s ]
SQL: SHOW COLUMNS FROM `cell_menu` [ RunTime:0.0011s ]
SQL: SELECT `id`,`title`,`url` FROM `cell_menu` WHERE `pid` = 0 AND `hide` = 0 ORDER BY sort asc  [ RunTime:0.0004s ]
SQL: SELECT `pid` FROM `cell_menu` WHERE ( pid !=0 AND url like '%Article/index%' ) LIMIT 1   [ RunTime:0.0002s ]
SQL: SELECT * FROM `cell_menu` WHERE `id` = 2 LIMIT 1   [ RunTime:0.0003s ]
SQL: SELECT DISTINCT  `group` FROM `cell_menu` WHERE `group` <> '' AND `pid` = 2  [ RunTime:0.0003s ]
SQL: SELECT `id`,`url` FROM `cell_menu` WHERE `pid` = 2 AND `hide` = 0  [ RunTime:0.0003s ]
SQL: SELECT `id`,`pid`,`title`,`url`,`tip` FROM `cell_menu` WHERE `group` = '内容' AND `pid` = 2 AND `hide` = 0 ORDER BY sort asc  [ RunTime:0.0003s ]
SQL: SHOW COLUMNS FROM `cell_auth_group_access` [ RunTime:0.0020s ]
SQL: SELECT `extend_id` FROM cell_auth_group_access g INNER JOIN cell_auth_extend c on g.group_id=c.group_id  WHERE ( g.uid='1' and c.type='1' and !isnull(extend_id) )  [ RunTime:0.0010s ]
SQL: SHOW COLUMNS FROM `cell_category` [ RunTime:0.0015s ]
SQL: SELECT `id`,`title`,`pid`,`allow_publish` FROM `cell_category` WHERE `status` = 1 ORDER BY pid,sort  [ RunTime:0.0004s ]
SQL: SHOW COLUMNS FROM `cell_model` [ RunTime:0.0011s ]
SQL: SELECT * FROM `cell_model` WHERE `name` = 'document' LIMIT 1   [ RunTime:0.0003s ]
SQL: SHOW COLUMNS FROM `cell_document` [ RunTime:0.0009s ]
SQL: SELECT COUNT(*) AS tp_count FROM cell_document DOCUMENT WHERE `status` IN ('0','1','2') AND `pid` = 0 LIMIT 1   [ RunTime:0.0003s ]
SQL: SELECT `id`,`title`,`type`,`update_time`,`status`,`view`,`category_id`,`model_id`,`pid` FROM cell_document DOCUMENT WHERE `status` IN ('0','1','2') AND `pid` = 0 ORDER BY level DESC,DOCUMENT.id DESC LIMIT 0,10   [ RunTime:0.0003s ]
SQL: SELECT `extend` FROM `cell_model` WHERE `id` = 1 LIMIT 1   [ RunTime:0.0002s ]
SQL: SHOW COLUMNS FROM `cell_attribute` [ RunTime:0.0009s ]
SQL: SELECT `id`,`name`,`type`,`extra` FROM `cell_attribute` WHERE `model_id` = 1  [ RunTime:0.0004s ]
NOTIC: [8] Undefined variable: groups E:\vhost\www\cells\Application\Admin\Controller\ArticleController.class.php 第 231 行.
INFO: [ view_parse ] --START--
INFO: [ template_filter ] --START--
INFO: Run Behavior\ContentReplaceBehavior [ RunTime:0.000348s ]
INFO: [ template_filter ] --END-- [ RunTime:0.000455s ]
INFO: Run Behavior\ParseTemplateBehavior [ RunTime:0.052394s ]
INFO: [ view_parse ] --END-- [ RunTime:0.052513s ]
INFO: [ view_filter ] --START--
INFO: Run Behavior\WriteHtmlCacheBehavior [ RunTime:0.001131s ]
INFO: [ view_filter ] --END-- [ RunTime:0.001291s ]
INFO: [ app_end ] --START--
INFO: Run Behavior\ShowPageTraceBehavior [ RunTime:0.001426s ]
INFO: [ app_end ] --END-- [ RunTime:0.001648s ]

[ 2018-06-22T10:36:31+08:00 ] ::1 /cells/admin.php?s=/Index/index.html
INFO: [ app_init ] --START--
INFO: Run Behavior\BuildLiteBehavior [ RunTime:0.000025s ]
INFO: Run Common\Behavior\InitHookBehavior [ RunTime:0.002377s ]
INFO: [ app_init ] --END-- [ RunTime:0.002909s ]
INFO: [ app_begin ] --START--
INFO: Run Behavior\ReadHtmlCacheBehavior [ RunTime:0.000829s ]
INFO: [ app_begin ] --END-- [ RunTime:0.000946s ]
SQL: SHOW COLUMNS FROM `cell_menu` [ RunTime:0.0011s ]
SQL: SELECT `id`,`title`,`url` FROM `cell_menu` WHERE `pid` = 0 AND `hide` = 0 ORDER BY sort asc  [ RunTime:0.0004s ]
SQL: SELECT `pid` FROM `cell_menu` WHERE ( pid !=0 AND url like '%Index/index%' ) LIMIT 1   [ RunTime:0.0007s ]
INFO: [ view_parse ] --START--
INFO: [ template_filter ] --START--
INFO: Run Behavior\ContentReplaceBehavior [ RunTime:0.000160s ]
INFO: [ template_filter ] --END-- [ RunTime:0.000310s ]
INFO: [ AdminIndex ] --START--
SQL: SHOW COLUMNS FROM `cell_addons` [ RunTime:0.0011s ]
SQL: SELECT `config` FROM `cell_addons` WHERE `name` = 'SiteStat' AND `status` = 1 LIMIT 1   [ RunTime:0.0003s ]
SQL: SHOW COLUMNS FROM `cell_member` [ RunTime:0.0009s ]
SQL: SELECT COUNT(*) AS tp_count FROM `cell_member` LIMIT 1   [ RunTime:0.0002s ]
SQL: SHOW COLUMNS FROM `cell_action_log` [ RunTime:0.0015s ]
SQL: SELECT COUNT(*) AS tp_count FROM `cell_action_log` LIMIT 1   [ RunTime:0.0005s ]
SQL: SHOW COLUMNS FROM `cell_document` [ RunTime:0.0017s ]
SQL: SELECT COUNT(*) AS tp_count FROM `cell_document` LIMIT 1   [ RunTime:0.0002s ]
SQL: SHOW COLUMNS FROM `cell_category` [ RunTime:0.0011s ]
SQL: SELECT COUNT(*) AS tp_count FROM `cell_category` LIMIT 1   [ RunTime:0.0002s ]
SQL: SHOW COLUMNS FROM `cell_model` [ RunTime:0.0009s ]
SQL: SELECT COUNT(*) AS tp_count FROM `cell_model` LIMIT 1   [ RunTime:0.0002s ]
INFO: [ view_parse ] --START--
INFO: [ template_filter ] --START--
INFO: Run Behavior\ContentReplaceBehavior [ RunTime:0.000065s ]
INFO: [ template_filter ] --END-- [ RunTime:-0.021982s ]
INFO: Run Behavior\ParseTemplateBehavior [ RunTime:0.003667s ]
INFO: [ view_parse ] --END-- [ RunTime:0.003790s ]
INFO: [ view_filter ] --START--
INFO: Run Behavior\WriteHtmlCacheBehavior [ RunTime:0.000649s ]
INFO: [ view_filter ] --END-- [ RunTime:0.000743s ]
INFO: Run Addons\SiteStat\SiteStatAddon [ RunTime:0.019732s ]
SQL: SELECT `config` FROM `cell_addons` WHERE `name` = 'SystemInfo' AND `status` = 1 LIMIT 1   [ RunTime:0.0003s ]
INFO: [ view_parse ] --START--
INFO: [ template_filter ] --START--
INFO: Run Behavior\ContentReplaceBehavior [ RunTime:0.000266s ]
INFO: [ template_filter ] --END-- [ RunTime:-5.033268s ]
SQL: select version() as v; [ RunTime:0.0007s ]
INFO: Run Behavior\ParseTemplateBehavior [ RunTime:0.015912s ]
INFO: [ view_parse ] --END-- [ RunTime:-5.002239s ]
INFO: [ view_filter ] --START--
INFO: Run Behavior\WriteHtmlCacheBehavior [ RunTime:0.000117s ]
INFO: [ view_filter ] --END-- [ RunTime:-5.018011s ]
INFO: Run Addons\SystemInfo\SystemInfoAddon [ RunTime:5.018558s ]
SQL: SELECT `config` FROM `cell_addons` WHERE `name` = 'DevTeam' AND `status` = 1 LIMIT 1   [ RunTime:0.0010s ]
INFO: [ view_parse ] --START--
INFO: [ template_filter ] --START--
INFO: Run Behavior\ContentReplaceBehavior [ RunTime:0.000244s ]
INFO: [ template_filter ] --END-- [ RunTime:-5.055632s ]
INFO: Run Behavior\ParseTemplateBehavior [ RunTime:0.010614s ]
INFO: [ view_parse ] --END-- [ RunTime:-5.026649s ]
INFO: [ view_filter ] --START--
INFO: Run Behavior\WriteHtmlCacheBehavior [ RunTime:0.000129s ]
INFO: [ view_filter ] --END-- [ RunTime:-5.037065s ]
INFO: Run Addons\DevTeam\DevTeamAddon [ RunTime:0.018725s ]
INFO: [ AdminIndex ] --END-- [ RunTime:5.057501s ]
INFO: Run Behavior\ParseTemplateBehavior [ RunTime:0.012010s ]
INFO: [ view_parse ] --END-- [ RunTime:-5.026649s ]
INFO: [ view_filter ] --START--
INFO: Run Behavior\WriteHtmlCacheBehavior [ RunTime:0.000053s ]
INFO: [ view_filter ] --END-- [ RunTime:-5.038247s ]
INFO: [ app_end ] --START--
INFO: Run Behavior\ShowPageTraceBehavior [ RunTime:0.001731s ]
INFO: [ app_end ] --END-- [ RunTime:0.001957s ]

[ 2018-06-22T10:36:36+08:00 ] ::1 /cells/admin.php?s=/Index/index.html
INFO: [ app_init ] --START--
INFO: Run Behavior\BuildLiteBehavior [ RunTime:0.000025s ]
INFO: Run Common\Behavior\InitHookBehavior [ RunTime:0.003913s ]
INFO: [ app_init ] --END-- [ RunTime:0.004512s ]
INFO: [ app_begin ] --START--
INFO: Run Behavior\ReadHtmlCacheBehavior [ RunTime:0.000837s ]
INFO: [ app_begin ] --END-- [ RunTime:0.000964s ]
SQL: SHOW COLUMNS FROM `cell_menu` [ RunTime:0.0012s ]
SQL: SELECT `id`,`title`,`url` FROM `cell_menu` WHERE `pid` = 0 AND `hide` = 0 ORDER BY sort asc  [ RunTime:0.0004s ]
SQL: SELECT `pid` FROM `cell_menu` WHERE ( pid !=0 AND url like '%Index/index%' ) LIMIT 1   [ RunTime:0.0008s ]
INFO: [ view_parse ] --START--
INFO: [ template_filter ] --START--
INFO: Run Behavior\ContentReplaceBehavior [ RunTime:0.000180s ]
INFO: [ template_filter ] --END-- [ RunTime:0.000302s ]
INFO: [ AdminIndex ] --START--
SQL: SHOW COLUMNS FROM `cell_addons` [ RunTime:0.0012s ]
SQL: SELECT `config` FROM `cell_addons` WHERE `name` = 'SiteStat' AND `status` = 1 LIMIT 1   [ RunTime:0.0003s ]
SQL: SHOW COLUMNS FROM `cell_member` [ RunTime:0.0010s ]
SQL: SELECT COUNT(*) AS tp_count FROM `cell_member` LIMIT 1   [ RunTime:0.0002s ]
SQL: SHOW COLUMNS FROM `cell_action_log` [ RunTime:0.0010s ]
SQL: SELECT COUNT(*) AS tp_count FROM `cell_action_log` LIMIT 1   [ RunTime:0.0003s ]
SQL: SHOW COLUMNS FROM `cell_document` [ RunTime:0.0012s ]
SQL: SELECT COUNT(*) AS tp_count FROM `cell_document` LIMIT 1   [ RunTime:0.0003s ]
SQL: SHOW COLUMNS FROM `cell_category` [ RunTime:0.0012s ]
SQL: SELECT COUNT(*) AS tp_count FROM `cell_category` LIMIT 1   [ RunTime:0.0002s ]
SQL: SHOW COLUMNS FROM `cell_model` [ RunTime:0.0010s ]
SQL: SELECT COUNT(*) AS tp_count FROM `cell_model` LIMIT 1   [ RunTime:0.0002s ]
INFO: [ view_parse ] --START--
INFO: [ template_filter ] --START--
INFO: Run Behavior\ContentReplaceBehavior [ RunTime:0.000078s ]
INFO: [ template_filter ] --END-- [ RunTime:-0.021805s ]
INFO: Run Behavior\ParseTemplateBehavior [ RunTime:0.004145s ]
INFO: [ view_parse ] --END-- [ RunTime:0.004276s ]
INFO: [ view_filter ] --START--
INFO: Run Behavior\WriteHtmlCacheBehavior [ RunTime:0.000761s ]
INFO: [ view_filter ] --END-- [ RunTime:0.000878s ]
INFO: Run Addons\SiteStat\SiteStatAddon [ RunTime:0.020213s ]
SQL: SELECT `config` FROM `cell_addons` WHERE `name` = 'SystemInfo' AND `status` = 1 LIMIT 1   [ RunTime:0.0004s ]
INFO: [ view_parse ] --START--
INFO: [ template_filter ] --START--
INFO: Run Behavior\ContentReplaceBehavior [ RunTime:0.000271s ]
INFO: [ template_filter ] --END-- [ RunTime:-5.036669s ]
SQL: select version() as v; [ RunTime:0.0008s ]
INFO: Run Behavior\ParseTemplateBehavior [ RunTime:0.017045s ]
INFO: [ view_parse ] --END-- [ RunTime:-5.005355s ]
INFO: [ view_filter ] --START--
INFO: Run Behavior\WriteHtmlCacheBehavior [ RunTime:0.000096s ]
INFO: [ view_filter ] --END-- [ RunTime:-5.022046s ]
INFO: Run Addons\SystemInfo\SystemInfoAddon [ RunTime:5.022536s ]
SQL: SELECT `config` FROM `cell_addons` WHERE `name` = 'DevTeam' AND `status` = 1 LIMIT 1   [ RunTime:0.0010s ]
INFO: [ view_parse ] --START--
INFO: [ template_filter ] --START--
INFO: Run Behavior\ContentReplaceBehavior [ RunTime:0.000249s ]
INFO: [ template_filter ] --END-- [ RunTime:-5.059669s ]
INFO: Run Behavior\ParseTemplateBehavior [ RunTime:0.011085s ]
INFO: [ view_parse ] --END-- [ RunTime:-5.030669s ]
INFO: [ view_filter ] --START--
INFO: Run Behavior\WriteHtmlCacheBehavior [ RunTime:0.000098s ]
INFO: [ view_filter ] --END-- [ RunTime:-5.041393s ]
INFO: Run Addons\DevTeam\DevTeamAddon [ RunTime:0.019175s ]
INFO: [ AdminIndex ] --END-- [ RunTime:5.062410s ]
INFO: Run Behavior\ParseTemplateBehavior [ RunTime:0.012758s ]
INFO: [ view_parse ] --END-- [ RunTime:-5.030669s ]
INFO: [ view_filter ] --START--
INFO: Run Behavior\WriteHtmlCacheBehavior [ RunTime:0.000105s ]
INFO: [ view_filter ] --END-- [ RunTime:-5.043062s ]
INFO: [ app_end ] --START--
INFO: Run Behavior\ShowPageTraceBehavior [ RunTime:0.002975s ]
INFO: [ app_end ] --END-- [ RunTime:0.003389s ]

