[ 2018-06-22T10:37:57+08:00 ] ::1 /cells/index.php?s=/Home/Article/index/category/blog.html
INFO: [ app_init ] --START--
INFO: Run Behavior\BuildLiteBehavior [ RunTime:0.000025s ]
INFO: Run Common\Behavior\InitHookBehavior [ RunTime:0.003661s ]
INFO: [ app_init ] --END-- [ RunTime:0.004380s ]
INFO: [ app_begin ] --START--
INFO: Run Behavior\ReadHtmlCacheBehavior [ RunTime:0.000720s ]
INFO: [ app_begin ] --END-- [ RunTime:0.000829s ]
ERR: 无法加载控制器:Home

[ 2018-06-22T10:38:01+08:00 ] ::1 /cells/
INFO: [ app_init ] --START--
INFO: Run Behavior\BuildLiteBehavior [ RunTime:0.000024s ]
INFO: Run Common\Behavior\InitHookBehavior [ RunTime:0.002798s ]
INFO: [ app_init ] --END-- [ RunTime:0.003398s ]
INFO: [ app_begin ] --START--
INFO: Run Behavior\ReadHtmlCacheBehavior [ RunTime:0.000773s ]
INFO: [ app_begin ] --END-- [ RunTime:0.000879s ]
INFO: [ view_parse ] --START--
INFO: [ template_filter ] --START--
INFO: Run Behavior\ContentReplaceBehavior [ RunTime:0.000114s ]
INFO: [ template_filter ] --END-- [ RunTime:0.000364s ]
INFO: Run Behavior\ParseTemplateBehavior [ RunTime:0.009145s ]
INFO: [ view_parse ] --END-- [ RunTime:0.009264s ]
INFO: [ view_filter ] --START--
INFO: Run Behavior\WriteHtmlCacheBehavior [ RunTime:0.000631s ]
INFO: [ view_filter ] --END-- [ RunTime:0.000729s ]
INFO: [ app_end ] --START--
INFO: Run Behavior\ShowPageTraceBehavior [ RunTime:0.001458s ]
INFO: [ app_end ] --END-- [ RunTime:0.001603s ]

[ 2018-06-22T10:38:28+08:00 ] ::1 /cells/
INFO: [ app_init ] --START--
INFO: Run Behavior\BuildLiteBehavior [ RunTime:0.000034s ]
INFO: Run Common\Behavior\InitHookBehavior [ RunTime:0.002947s ]
INFO: [ app_init ] --END-- [ RunTime:0.003639s ]
INFO: [ app_begin ] --START--
INFO: Run Behavior\ReadHtmlCacheBehavior [ RunTime:0.000821s ]
INFO: [ app_begin ] --END-- [ RunTime:0.000939s ]
INFO: [ view_parse ] --START--
INFO: Run Behavior\ParseTemplateBehavior [ RunTime:0.000611s ]
INFO: [ view_parse ] --END-- [ RunTime:0.000726s ]
INFO: [ view_filter ] --START--
INFO: Run Behavior\WriteHtmlCacheBehavior [ RunTime:0.000630s ]
INFO: [ view_filter ] --END-- [ RunTime:0.000740s ]
INFO: [ app_end ] --START--
INFO: Run Behavior\ShowPageTraceBehavior [ RunTime:0.000788s ]
INFO: [ app_end ] --END-- [ RunTime:0.000897s ]

[ 2018-06-22T10:38:34+08:00 ] ::1 /cells/test.html
INFO: [ app_init ] --START--
INFO: Run Behavior\BuildLiteBehavior [ RunTime:0.000024s ]
INFO: Run Common\Behavior\InitHookBehavior [ RunTime:0.002863s ]
INFO: [ app_init ] --END-- [ RunTime:0.003502s ]
INFO: [ app_begin ] --START--
INFO: Run Behavior\ReadHtmlCacheBehavior [ RunTime:0.000830s ]
INFO: [ app_begin ] --END-- [ RunTime:0.000946s ]
ERR: 无法加载控制器:Test

[ 2018-06-22T10:38:42+08:00 ] ::1 /cells/index/test.html
INFO: [ app_init ] --START--
INFO: Run Behavior\BuildLiteBehavior [ RunTime:0.000022s ]
INFO: Run Common\Behavior\InitHookBehavior [ RunTime:0.002446s ]
INFO: [ app_init ] --END-- [ RunTime:0.003051s ]
INFO: [ app_begin ] --START--
INFO: Run Behavior\ReadHtmlCacheBehavior [ RunTime:0.000657s ]
INFO: [ app_begin ] --END-- [ RunTime:0.000759s ]
ERR: 无法加载控制器:Test

[ 2018-06-22T10:38:47+08:00 ] ::1 /cells/Index/test.html
INFO: [ app_init ] --START--
INFO: Run Behavior\BuildLiteBehavior [ RunTime:0.000029s ]
INFO: Run Common\Behavior\InitHookBehavior [ RunTime:0.002587s ]
INFO: [ app_init ] --END-- [ RunTime:0.003310s ]
INFO: [ app_begin ] --START--
INFO: Run Behavior\ReadHtmlCacheBehavior [ RunTime:0.000666s ]
INFO: [ app_begin ] --END-- [ RunTime:0.000781s ]
ERR: 无法加载控制器:Test

[ 2018-06-22T10:39:07+08:00 ] ::1 /cells/Index/test.html
INFO: [ app_init ] --START--
INFO: Run Behavior\BuildLiteBehavior [ RunTime:0.000043s ]
INFO: Run Common\Behavior\InitHookBehavior [ RunTime:0.003029s ]
INFO: [ app_init ] --END-- [ RunTime:0.003883s ]
INFO: [ app_begin ] --START--
INFO: Run Behavior\ReadHtmlCacheBehavior [ RunTime:0.000822s ]
INFO: [ app_begin ] --END-- [ RunTime:0.000938s ]
ERR: 无法加载控制器:Test

[ 2018-06-22T10:39:08+08:00 ] ::1 /cells/Index/test.html
INFO: [ app_init ] --START--
INFO: Run Behavior\BuildLiteBehavior [ RunTime:0.000036s ]
INFO: Run Common\Behavior\InitHookBehavior [ RunTime:0.002497s ]
INFO: [ app_init ] --END-- [ RunTime:0.003393s ]
INFO: [ app_begin ] --START--
INFO: Run Behavior\ReadHtmlCacheBehavior [ RunTime:0.000741s ]
INFO: [ app_begin ] --END-- [ RunTime:0.000848s ]
ERR: 无法加载控制器:Test

[ 2018-06-22T10:39:08+08:00 ] ::1 /cells/Index/test.html
INFO: [ app_init ] --START--
INFO: Run Behavior\BuildLiteBehavior [ RunTime:0.000045s ]
INFO: Run Common\Behavior\InitHookBehavior [ RunTime:0.002873s ]
INFO: [ app_init ] --END-- [ RunTime:0.003717s ]
INFO: [ app_begin ] --START--
INFO: Run Behavior\ReadHtmlCacheBehavior [ RunTime:0.000895s ]
INFO: [ app_begin ] --END-- [ RunTime:0.001037s ]
ERR: 无法加载控制器:Test

[ 2018-06-22T10:39:08+08:00 ] ::1 /cells/Index/test.html
INFO: [ app_init ] --START--
INFO: Run Behavior\BuildLiteBehavior [ RunTime:0.000086s ]
INFO: Run Common\Behavior\InitHookBehavior [ RunTime:0.002539s ]
INFO: [ app_init ] --END-- [ RunTime:0.003289s ]
INFO: [ app_begin ] --START--
INFO: Run Behavior\ReadHtmlCacheBehavior [ RunTime:0.000774s ]
INFO: [ app_begin ] --END-- [ RunTime:0.000902s ]
ERR: 无法加载控制器:Test

[ 2018-06-22T10:39:13+08:00 ] ::1 /cells/Index/test.html
INFO: [ app_init ] --START--
INFO: Run Behavior\BuildLiteBehavior [ RunTime:0.000025s ]
INFO: Run Common\Behavior\InitHookBehavior [ RunTime:0.002335s ]
INFO: [ app_init ] --END-- [ RunTime:0.002907s ]
INFO: [ app_begin ] --START--
INFO: Run Behavior\ReadHtmlCacheBehavior [ RunTime:0.000791s ]
INFO: [ app_begin ] --END-- [ RunTime:0.000908s ]
ERR: 无法加载控制器:Test

[ 2018-06-22T10:39:13+08:00 ] ::1 /cells/Index/test.html
INFO: [ app_init ] --START--
INFO: Run Behavior\BuildLiteBehavior [ RunTime:0.000023s ]
INFO: Run Common\Behavior\InitHookBehavior [ RunTime:0.002385s ]
INFO: [ app_init ] --END-- [ RunTime:0.002963s ]
INFO: [ app_begin ] --START--
INFO: Run Behavior\ReadHtmlCacheBehavior [ RunTime:0.000753s ]
INFO: [ app_begin ] --END-- [ RunTime:0.000863s ]
ERR: 无法加载控制器:Test

[ 2018-06-22T10:39:13+08:00 ] ::1 /cells/Index/test.html
INFO: [ app_init ] --START--
INFO: Run Behavior\BuildLiteBehavior [ RunTime:0.000029s ]
INFO: Run Common\Behavior\InitHookBehavior [ RunTime:0.002902s ]
INFO: [ app_init ] --END-- [ RunTime:0.003622s ]
INFO: [ app_begin ] --START--
INFO: Run Behavior\ReadHtmlCacheBehavior [ RunTime:0.001511s ]
INFO: [ app_begin ] --END-- [ RunTime:0.001671s ]
ERR: 无法加载控制器:Test

[ 2018-06-22T10:39:37+08:00 ] ::1 /cells/Index/test.html
INFO: [ app_init ] --START--
INFO: Run Behavior\BuildLiteBehavior [ RunTime:0.000026s ]
INFO: Run Common\Behavior\InitHookBehavior [ RunTime:0.003010s ]
INFO: [ app_init ] --END-- [ RunTime:0.003710s ]
INFO: [ app_begin ] --START--
INFO: Run Behavior\ReadHtmlCacheBehavior [ RunTime:0.000824s ]
INFO: [ app_begin ] --END-- [ RunTime:0.000940s ]
ERR: 无法加载控制器:Test

[ 2018-06-22T10:39:40+08:00 ] ::1 /cells/
INFO: [ app_init ] --START--
INFO: Run Behavior\BuildLiteBehavior [ RunTime:0.000034s ]
INFO: Run Common\Behavior\InitHookBehavior [ RunTime:0.002369s ]
INFO: [ app_init ] --END-- [ RunTime:0.003010s ]
INFO: [ app_begin ] --START--
INFO: Run Behavior\ReadHtmlCacheBehavior [ RunTime:0.000767s ]
INFO: [ app_begin ] --END-- [ RunTime:0.000874s ]

[ 2018-06-22T10:39:50+08:00 ] ::1 /cells/
INFO: [ app_init ] --START--
INFO: Run Behavior\BuildLiteBehavior [ RunTime:0.000025s ]
INFO: Run Common\Behavior\InitHookBehavior [ RunTime:0.002387s ]
INFO: [ app_init ] --END-- [ RunTime:0.003028s ]
INFO: [ app_begin ] --START--
INFO: Run Behavior\ReadHtmlCacheBehavior [ RunTime:0.000631s ]
INFO: [ app_begin ] --END-- [ RunTime:0.000764s ]
INFO: [ app_end ] --START--
INFO: Run Behavior\ShowPageTraceBehavior [ RunTime:0.000736s ]
INFO: [ app_end ] --END-- [ RunTime:0.000836s ]

[ 2018-06-22T10:40:06+08:00 ] ::1 //cells/index.php?s=/Index/test.html
INFO: [ app_init ] --START--
INFO: Run Behavior\BuildLiteBehavior [ RunTime:0.000023s ]
INFO: Run Common\Behavior\InitHookBehavior [ RunTime:0.002189s ]
INFO: [ app_init ] --END-- [ RunTime:0.002745s ]
INFO: [ app_begin ] --START--
INFO: Run Behavior\ReadHtmlCacheBehavior [ RunTime:0.001334s ]
INFO: [ app_begin ] --END-- [ RunTime:0.001475s ]
INFO: [ app_end ] --START--
INFO: Run Behavior\ShowPageTraceBehavior [ RunTime:0.000993s ]
INFO: [ app_end ] --END-- [ RunTime:0.001157s ]

[ 2018-06-22T10:40:11+08:00 ] ::1 /cells/index.php?s=/Index/test.html
INFO: [ app_init ] --START--
INFO: Run Behavior\BuildLiteBehavior [ RunTime:0.000046s ]
INFO: Run Common\Behavior\InitHookBehavior [ RunTime:0.002401s ]
INFO: [ app_init ] --END-- [ RunTime:0.003094s ]
INFO: [ app_begin ] --START--
INFO: Run Behavior\ReadHtmlCacheBehavior [ RunTime:0.000761s ]
INFO: [ app_begin ] --END-- [ RunTime:0.000870s ]
INFO: [ app_end ] --START--
INFO: Run Behavior\ShowPageTraceBehavior [ RunTime:0.000784s ]
INFO: [ app_end ] --END-- [ RunTime:0.000891s ]

[ 2018-06-22T10:40:12+08:00 ] ::1 //cells/index.php?s=/Index/test.html
INFO: [ app_init ] --START--
INFO: Run Behavior\BuildLiteBehavior [ RunTime:0.000023s ]
INFO: Run Common\Behavior\InitHookBehavior [ RunTime:0.002702s ]
INFO: [ app_init ] --END-- [ RunTime:0.003353s ]
INFO: [ app_begin ] --START--
INFO: Run Behavior\ReadHtmlCacheBehavior [ RunTime:0.000838s ]
INFO: [ app_begin ] --END-- [ RunTime:0.000951s ]
INFO: [ app_end ] --START--
INFO: Run Behavior\ShowPageTraceBehavior [ RunTime:0.000854s ]
INFO: [ app_end ] --END-- [ RunTime:0.000966s ]

[ 2018-06-22T10:40:13+08:00 ] ::1 /cells/
INFO: [ app_init ] --START--
INFO: Run Behavior\BuildLiteBehavior [ RunTime:0.000023s ]
INFO: Run Common\Behavior\InitHookBehavior [ RunTime:0.002478s ]
INFO: [ app_init ] --END-- [ RunTime:0.003168s ]
INFO: [ app_begin ] --START--
INFO: Run Behavior\ReadHtmlCacheBehavior [ RunTime:0.000670s ]
INFO: [ app_begin ] --END-- [ RunTime:0.000776s ]
INFO: [ app_end ] --START--
INFO: Run Behavior\ShowPageTraceBehavior [ RunTime:0.000733s ]
INFO: [ app_end ] --END-- [ RunTime:0.000841s ]

[ 2018-06-22T10:40:19+08:00 ] ::1 /cells/
INFO: [ app_init ] --START--
INFO: Run Behavior\BuildLiteBehavior [ RunTime:0.000024s ]
INFO: Run Common\Behavior\InitHookBehavior [ RunTime:0.002577s ]
INFO: [ app_init ] --END-- [ RunTime:0.003210s ]
INFO: [ app_begin ] --START--
INFO: Run Behavior\ReadHtmlCacheBehavior [ RunTime:0.000808s ]
INFO: [ app_begin ] --END-- [ RunTime:0.000933s ]
INFO: [ app_end ] --START--
INFO: Run Behavior\ShowPageTraceBehavior [ RunTime:0.000729s ]
INFO: [ app_end ] --END-- [ RunTime:0.000830s ]

[ 2018-06-22T10:40:26+08:00 ] ::1 /cells/Index/test.html
INFO: [ app_init ] --START--
INFO: Run Behavior\BuildLiteBehavior [ RunTime:0.000025s ]
INFO: Run Common\Behavior\InitHookBehavior [ RunTime:0.002796s ]
INFO: [ app_init ] --END-- [ RunTime:0.003417s ]
INFO: [ app_begin ] --START--
INFO: Run Behavior\ReadHtmlCacheBehavior [ RunTime:0.000651s ]
INFO: [ app_begin ] --END-- [ RunTime:0.000770s ]
ERR: 无法加载控制器:Test

[ 2018-06-22T10:41:02+08:00 ] ::1 /cells/Index/test.html
INFO: [ app_init ] --START--
INFO: Run Behavior\BuildLiteBehavior [ RunTime:0.000025s ]
INFO: Run Common\Behavior\InitHookBehavior [ RunTime:0.002796s ]
INFO: [ app_init ] --END-- [ RunTime:0.003438s ]
INFO: [ app_begin ] --START--
INFO: Run Behavior\ReadHtmlCacheBehavior [ RunTime:0.000823s ]
INFO: [ app_begin ] --END-- [ RunTime:0.000939s ]
ERR: 无法加载控制器:Test

[ 2018-06-22T10:41:12+08:00 ] ::1 /cells/Index/test.html
INFO: [ app_init ] --START--
INFO: Run Behavior\BuildLiteBehavior [ RunTime:0.000023s ]
INFO: Run Common\Behavior\InitHookBehavior [ RunTime:0.002702s ]
INFO: [ app_init ] --END-- [ RunTime:0.003326s ]
INFO: [ app_begin ] --START--
INFO: Run Behavior\ReadHtmlCacheBehavior [ RunTime:0.000691s ]
INFO: [ app_begin ] --END-- [ RunTime:0.000813s ]
ERR: 无法加载控制器:Test

[ 2018-06-22T10:41:13+08:00 ] ::1 /cells/Index/test.html
INFO: [ app_init ] --START--
INFO: Run Behavior\BuildLiteBehavior [ RunTime:0.000024s ]
INFO: Run Common\Behavior\InitHookBehavior [ RunTime:0.002199s ]
INFO: [ app_init ] --END-- [ RunTime:0.002779s ]
INFO: [ app_begin ] --START--
INFO: Run Behavior\ReadHtmlCacheBehavior [ RunTime:0.000636s ]
INFO: [ app_begin ] --END-- [ RunTime:0.000747s ]
ERR: 无法加载控制器:Test

[ 2018-06-22T10:41:21+08:00 ] ::1 /cells/Index/test.html
INFO: [ app_init ] --START--
INFO: Run Behavior\BuildLiteBehavior [ RunTime:0.000023s ]
INFO: Run Common\Behavior\InitHookBehavior [ RunTime:0.002562s ]
INFO: [ app_init ] --END-- [ RunTime:0.003199s ]
INFO: [ app_begin ] --START--
INFO: Run Behavior\ReadHtmlCacheBehavior [ RunTime:0.001168s ]
INFO: [ app_begin ] --END-- [ RunTime:0.001329s ]
ERR: 无法加载控制器:Test

[ 2018-06-22T10:41:26+08:00 ] ::1 /cells/Index/test.html
INFO: [ app_init ] --START--
INFO: Run Behavior\BuildLiteBehavior [ RunTime:0.000024s ]
INFO: Run Common\Behavior\InitHookBehavior [ RunTime:0.004497s ]
INFO: [ app_init ] --END-- [ RunTime:0.005395s ]
INFO: [ app_begin ] --START--
INFO: Run Behavior\ReadHtmlCacheBehavior [ RunTime:0.000767s ]
INFO: [ app_begin ] --END-- [ RunTime:0.000909s ]
ERR: 无法加载控制器:Test

[ 2018-06-22T10:42:46+08:00 ] ::1 /cells/Index/test.html
INFO: [ app_init ] --START--
INFO: Run Behavior\BuildLiteBehavior [ RunTime:0.000026s ]
INFO: Run Common\Behavior\InitHookBehavior [ RunTime:0.005216s ]
INFO: [ app_init ] --END-- [ RunTime:0.005992s ]
INFO: [ app_begin ] --START--
INFO: Run Behavior\ReadHtmlCacheBehavior [ RunTime:0.001004s ]
INFO: [ app_begin ] --END-- [ RunTime:0.001149s ]
ERR: 无法加载控制器:Test

[ 2018-06-22T10:43:48+08:00 ] ::1 /cells/Index/test.html
INFO: [ app_init ] --START--
INFO: Run Behavior\BuildLiteBehavior [ RunTime:0.000025s ]
INFO: Run Common\Behavior\InitHookBehavior [ RunTime:0.005408s ]
INFO: [ app_init ] --END-- [ RunTime:0.006254s ]
INFO: [ app_begin ] --START--
INFO: Run Behavior\ReadHtmlCacheBehavior [ RunTime:0.002647s ]
INFO: [ app_begin ] --END-- [ RunTime:0.002961s ]
ERR: 无法加载控制器:Test

[ 2018-06-22T10:45:14+08:00 ] ::1 /cells/Index/test.html
INFO: [ app_init ] --START--
INFO: Run Behavior\BuildLiteBehavior [ RunTime:0.000074s ]
INFO: Run Common\Behavior\InitHookBehavior [ RunTime:0.008685s ]
INFO: [ app_init ] --END-- [ RunTime:0.009475s ]
INFO: [ app_begin ] --START--
INFO: Run Behavior\ReadHtmlCacheBehavior [ RunTime:0.000753s ]
INFO: [ app_begin ] --END-- [ RunTime:0.000889s ]
ERR: 无法加载控制器:Test

[ 2018-06-22T10:45:33+08:00 ] ::1 /cells/Index/test.html
INFO: [ app_init ] --START--
INFO: Run Behavior\BuildLiteBehavior [ RunTime:0.000026s ]
INFO: Run Common\Behavior\InitHookBehavior [ RunTime:0.008651s ]
INFO: [ app_init ] --END-- [ RunTime:0.009319s ]
INFO: [ app_begin ] --START--
INFO: Run Behavior\ReadHtmlCacheBehavior [ RunTime:0.000782s ]
INFO: [ app_begin ] --END-- [ RunTime:0.000922s ]
ERR: 无法加载控制器:Test

[ 2018-06-22T10:45:34+08:00 ] ::1 /cells/Index/test.html
INFO: [ app_init ] --START--
INFO: Run Behavior\BuildLiteBehavior [ RunTime:0.000045s ]
INFO: Run Common\Behavior\InitHookBehavior [ RunTime:0.002323s ]
INFO: [ app_init ] --END-- [ RunTime:0.003081s ]
INFO: [ app_begin ] --START--
INFO: Run Behavior\ReadHtmlCacheBehavior [ RunTime:0.000623s ]
INFO: [ app_begin ] --END-- [ RunTime:0.000745s ]
ERR: 无法加载控制器:Test

[ 2018-06-22T10:46:49+08:00 ] ::1 /cells/Index/test.html
INFO: [ app_init ] --START--
INFO: Run Behavior\BuildLiteBehavior [ RunTime:0.000025s ]
INFO: Run Common\Behavior\InitHookBehavior [ RunTime:0.004163s ]
INFO: [ app_init ] --END-- [ RunTime:0.005205s ]
INFO: [ app_begin ] --START--
INFO: Run Behavior\ReadHtmlCacheBehavior [ RunTime:0.000979s ]
INFO: [ app_begin ] --END-- [ RunTime:0.001143s ]
ERR: 无法加载控制器:Test

[ 2018-06-22T10:46:51+08:00 ] ::1 /cells/
INFO: [ app_init ] --START--
INFO: Run Behavior\BuildLiteBehavior [ RunTime:0.000026s ]
INFO: Run Common\Behavior\InitHookBehavior [ RunTime:0.002353s ]
INFO: [ app_init ] --END-- [ RunTime:0.002944s ]
INFO: [ app_begin ] --START--
INFO: Run Behavior\ReadHtmlCacheBehavior [ RunTime:0.000647s ]
INFO: [ app_begin ] --END-- [ RunTime:0.000773s ]
INFO: [ app_end ] --START--
INFO: Run Behavior\ShowPageTraceBehavior [ RunTime:0.000870s ]
INFO: [ app_end ] --END-- [ RunTime:0.001007s ]

[ 2018-06-22T10:47:31+08:00 ] ::1 /cells/
INFO: [ app_init ] --START--
INFO: Run Behavior\BuildLiteBehavior [ RunTime:0.000053s ]
INFO: Run Common\Behavior\InitHookBehavior [ RunTime:0.003667s ]
INFO: [ app_init ] --END-- [ RunTime:0.004640s ]
INFO: [ app_begin ] --START--
INFO: Run Behavior\ReadHtmlCacheBehavior [ RunTime:0.001119s ]
INFO: [ app_begin ] --END-- [ RunTime:0.001294s ]
INFO: [ app_end ] --START--
INFO: Run Behavior\ShowPageTraceBehavior [ RunTime:0.000985s ]
INFO: [ app_end ] --END-- [ RunTime:0.001158s ]

[ 2018-06-22T10:51:19+08:00 ] 127.0.0.1 /
INFO: [ app_init ] --START--
INFO: Run Behavior\BuildLiteBehavior [ RunTime:0.000027s ]
INFO: Run Common\Behavior\InitHookBehavior [ RunTime:0.002248s ]
INFO: [ app_init ] --END-- [ RunTime:0.002808s ]
INFO: [ app_begin ] --START--
INFO: Run Behavior\ReadHtmlCacheBehavior [ RunTime:0.000666s ]
INFO: [ app_begin ] --END-- [ RunTime:0.000776s ]
INFO: [ app_end ] --START--
INFO: Run Behavior\ShowPageTraceBehavior [ RunTime:0.000624s ]
INFO: [ app_end ] --END-- [ RunTime:0.000755s ]

[ 2018-06-22T10:51:30+08:00 ] 127.0.0.1 /
INFO: [ app_init ] --START--
INFO: Run Behavior\BuildLiteBehavior [ RunTime:0.000022s ]
INFO: Run Common\Behavior\InitHookBehavior [ RunTime:0.002675s ]
INFO: [ app_init ] --END-- [ RunTime:0.003291s ]
INFO: [ app_begin ] --START--
INFO: Run Behavior\ReadHtmlCacheBehavior [ RunTime:0.000695s ]
INFO: [ app_begin ] --END-- [ RunTime:0.000815s ]
INFO: [ app_end ] --START--
INFO: Run Behavior\ShowPageTraceBehavior [ RunTime:0.000639s ]
INFO: [ app_end ] --END-- [ RunTime:0.000752s ]

[ 2018-06-22T10:51:39+08:00 ] 127.0.0.1 /Index/test.html
INFO: [ app_init ] --START--
INFO: Run Behavior\BuildLiteBehavior [ RunTime:0.000027s ]
INFO: Run Common\Behavior\InitHookBehavior [ RunTime:0.002003s ]
INFO: [ app_init ] --END-- [ RunTime:0.002568s ]
INFO: [ app_begin ] --START--
INFO: Run Behavior\ReadHtmlCacheBehavior [ RunTime:0.000527s ]
INFO: [ app_begin ] --END-- [ RunTime:0.000637s ]
ERR: 无法加载控制器:Test

[ 2018-06-22T10:51:56+08:00 ] 127.0.0.1 /Index/Controller/test.html
INFO: [ app_init ] --START--
INFO: Run Behavior\BuildLiteBehavior [ RunTime:0.000024s ]
INFO: Run Common\Behavior\InitHookBehavior [ RunTime:0.002226s ]
INFO: [ app_init ] --END-- [ RunTime:0.002788s ]
INFO: [ app_begin ] --START--
INFO: Run Behavior\ReadHtmlCacheBehavior [ RunTime:0.000706s ]
INFO: [ app_begin ] --END-- [ RunTime:0.000820s ]
ERR: 无法加载控制器:Controller

[ 2018-06-22T10:52:08+08:00 ] 127.0.0.1 /ControllerIndex/test.html
INFO: [ app_init ] --START--
INFO: Run Behavior\BuildLiteBehavior [ RunTime:0.000025s ]
INFO: Run Common\Behavior\InitHookBehavior [ RunTime:0.002257s ]
INFO: [ app_init ] --END-- [ RunTime:0.002876s ]
INFO: [ app_begin ] --START--
INFO: Run Behavior\ReadHtmlCacheBehavior [ RunTime:0.000609s ]
INFO: [ app_begin ] --END-- [ RunTime:0.000725s ]
ERR: 无法加载控制器:ControllerIndex

[ 2018-06-22T10:52:13+08:00 ] 127.0.0.1 /Controller/Index/test.html
INFO: [ app_init ] --START--
INFO: Run Behavior\BuildLiteBehavior [ RunTime:0.000024s ]
INFO: Run Common\Behavior\InitHookBehavior [ RunTime:0.002174s ]
INFO: [ app_init ] --END-- [ RunTime:0.002766s ]
INFO: [ app_begin ] --START--
INFO: Run Behavior\ReadHtmlCacheBehavior [ RunTime:0.000593s ]
INFO: [ app_begin ] --END-- [ RunTime:0.000703s ]
ERR: 无法加载控制器:Controller

[ 2018-06-22T10:52:30+08:00 ] 127.0.0.1 /Index/test.html
INFO: [ app_init ] --START--
INFO: Run Behavior\BuildLiteBehavior [ RunTime:0.000028s ]
INFO: Run Common\Behavior\InitHookBehavior [ RunTime:0.002959s ]
INFO: [ app_init ] --END-- [ RunTime:0.003573s ]
INFO: [ app_begin ] --START--
INFO: Run Behavior\ReadHtmlCacheBehavior [ RunTime:0.000599s ]
INFO: [ app_begin ] --END-- [ RunTime:0.000717s ]
ERR: 无法加载控制器:Test

[ 2018-06-22T10:52:36+08:00 ] 127.0.0.1 /home/test.html
INFO: [ app_init ] --START--
INFO: Run Behavior\BuildLiteBehavior [ RunTime:0.000025s ]
INFO: Run Common\Behavior\InitHookBehavior [ RunTime:0.002324s ]
INFO: [ app_init ] --END-- [ RunTime:0.002947s ]
INFO: [ app_begin ] --START--
INFO: Run Behavior\ReadHtmlCacheBehavior [ RunTime:0.000639s ]
INFO: [ app_begin ] --END-- [ RunTime:0.000757s ]
ERR: 无法加载控制器:Home

[ 2018-06-22T10:53:59+08:00 ] 127.0.0.1 /site/test.html
INFO: [ app_init ] --START--
INFO: Run Behavior\BuildLiteBehavior [ RunTime:0.000025s ]
INFO: Run Common\Behavior\InitHookBehavior [ RunTime:0.002574s ]
INFO: [ app_init ] --END-- [ RunTime:0.003206s ]
INFO: [ app_begin ] --START--
INFO: Run Behavior\ReadHtmlCacheBehavior [ RunTime:0.000685s ]
INFO: [ app_begin ] --END-- [ RunTime:0.000799s ]
ERR: 非法操作:test

[ 2018-06-22T10:54:03+08:00 ] 127.0.0.1 /site/index.html
INFO: [ app_init ] --START--
INFO: Run Behavior\BuildLiteBehavior [ RunTime:0.000026s ]
INFO: Run Common\Behavior\InitHookBehavior [ RunTime:0.002277s ]
INFO: [ app_init ] --END-- [ RunTime:0.003109s ]
INFO: [ app_begin ] --START--
INFO: Run Behavior\ReadHtmlCacheBehavior [ RunTime:0.000656s ]
INFO: [ app_begin ] --END-- [ RunTime:0.000766s ]
INFO: [ app_end ] --START--
INFO: Run Behavior\ShowPageTraceBehavior [ RunTime:0.000673s ]
INFO: [ app_end ] --END-- [ RunTime:0.000784s ]

[ 2018-06-22T10:54:09+08:00 ] 127.0.0.1 /index/index.html
INFO: [ app_init ] --START--
INFO: Run Behavior\BuildLiteBehavior [ RunTime:0.000026s ]
INFO: Run Common\Behavior\InitHookBehavior [ RunTime:0.002667s ]
INFO: [ app_init ] --END-- [ RunTime:0.003269s ]
INFO: [ app_begin ] --START--
INFO: Run Behavior\ReadHtmlCacheBehavior [ RunTime:0.000597s ]
INFO: [ app_begin ] --END-- [ RunTime:0.000705s ]
INFO: [ app_end ] --START--
INFO: Run Behavior\ShowPageTraceBehavior [ RunTime:0.000573s ]
INFO: [ app_end ] --END-- [ RunTime:0.000682s ]

[ 2018-06-22T10:54:17+08:00 ] 127.0.0.1 /index/test.html
INFO: [ app_init ] --START--
INFO: Run Behavior\BuildLiteBehavior [ RunTime:0.000027s ]
INFO: Run Common\Behavior\InitHookBehavior [ RunTime:0.002068s ]
INFO: [ app_init ] --END-- [ RunTime:0.002638s ]
INFO: [ app_begin ] --START--
INFO: Run Behavior\ReadHtmlCacheBehavior [ RunTime:0.000636s ]
INFO: [ app_begin ] --END-- [ RunTime:0.000774s ]
ERR: 无法加载控制器:Test

[ 2018-06-22T14:00:08+08:00 ] 127.0.0.1 /index/test.html
INFO: [ app_init ] --START--
INFO: Run Behavior\BuildLiteBehavior [ RunTime:0.000024s ]
INFO: Run Common\Behavior\InitHookBehavior [ RunTime:0.002841s ]
INFO: [ app_init ] --END-- [ RunTime:0.003531s ]
INFO: [ app_begin ] --START--
INFO: Run Behavior\ReadHtmlCacheBehavior [ RunTime:0.000735s ]
INFO: [ app_begin ] --END-- [ RunTime:0.000852s ]
ERR: 无法加载控制器:Test

[ 2018-06-22T14:00:12+08:00 ] 127.0.0.1 /
INFO: [ app_init ] --START--
INFO: Run Behavior\BuildLiteBehavior [ RunTime:0.000026s ]
INFO: Run Common\Behavior\InitHookBehavior [ RunTime:0.003885s ]
INFO: [ app_init ] --END-- [ RunTime:0.004594s ]
INFO: [ app_begin ] --START--
INFO: Run Behavior\ReadHtmlCacheBehavior [ RunTime:0.000756s ]
INFO: [ app_begin ] --END-- [ RunTime:0.000894s ]
ERR: 无法加载控制器:Index

[ 2018-06-22T14:01:36+08:00 ] 127.0.0.1 /
INFO: [ app_init ] --START--
INFO: Run Behavior\BuildLiteBehavior [ RunTime:0.000024s ]
INFO: Run Common\Behavior\InitHookBehavior [ RunTime:0.002692s ]
INFO: [ app_init ] --END-- [ RunTime:0.003356s ]
INFO: [ app_begin ] --START--
INFO: Run Behavior\ReadHtmlCacheBehavior [ RunTime:0.000695s ]
INFO: [ app_begin ] --END-- [ RunTime:0.000806s ]
INFO: [ app_end ] --START--
INFO: Run Behavior\ShowPageTraceBehavior [ RunTime:0.000743s ]
INFO: [ app_end ] --END-- [ RunTime:0.000852s ]

[ 2018-06-22T14:01:36+08:00 ] 127.0.0.1 /
INFO: [ app_init ] --START--
INFO: Run Behavior\BuildLiteBehavior [ RunTime:0.000031s ]
INFO: Run Common\Behavior\InitHookBehavior [ RunTime:0.002147s ]
INFO: [ app_init ] --END-- [ RunTime:0.002793s ]
INFO: [ app_begin ] --START--
INFO: Run Behavior\ReadHtmlCacheBehavior [ RunTime:0.000647s ]
INFO: [ app_begin ] --END-- [ RunTime:0.000776s ]
INFO: [ app_end ] --START--
INFO: Run Behavior\ShowPageTraceBehavior [ RunTime:0.000646s ]
INFO: [ app_end ] --END-- [ RunTime:0.000843s ]

[ 2018-06-22T14:01:37+08:00 ] 127.0.0.1 /
INFO: [ app_init ] --START--
INFO: Run Behavior\BuildLiteBehavior [ RunTime:0.000023s ]
INFO: Run Common\Behavior\InitHookBehavior [ RunTime:0.001979s ]
INFO: [ app_init ] --END-- [ RunTime:0.002501s ]
INFO: [ app_begin ] --START--
INFO: Run Behavior\ReadHtmlCacheBehavior [ RunTime:0.000552s ]
INFO: [ app_begin ] --END-- [ RunTime:0.000664s ]
INFO: [ app_end ] --START--
INFO: Run Behavior\ShowPageTraceBehavior [ RunTime:0.000556s ]
INFO: [ app_end ] --END-- [ RunTime:0.000666s ]

[ 2018-06-22T14:02:07+08:00 ] 127.0.0.1 /
INFO: [ app_init ] --START--
INFO: Run Behavior\BuildLiteBehavior [ RunTime:0.000024s ]
INFO: Run Common\Behavior\InitHookBehavior [ RunTime:0.002402s ]
INFO: [ app_init ] --END-- [ RunTime:0.003035s ]
INFO: [ app_begin ] --START--
INFO: Run Behavior\ReadHtmlCacheBehavior [ RunTime:0.000657s ]
INFO: [ app_begin ] --END-- [ RunTime:0.000776s ]
INFO: [ app_end ] --START--
INFO: Run Behavior\ShowPageTraceBehavior [ RunTime:0.000744s ]
INFO: [ app_end ] --END-- [ RunTime:0.000862s ]

[ 2018-06-22T14:02:22+08:00 ] 127.0.0.1 /site/index.html
INFO: [ app_init ] --START--
INFO: Run Behavior\BuildLiteBehavior [ RunTime:0.000024s ]
INFO: Run Common\Behavior\InitHookBehavior [ RunTime:0.002225s ]
INFO: [ app_init ] --END-- [ RunTime:0.002843s ]
INFO: [ app_begin ] --START--
INFO: Run Behavior\ReadHtmlCacheBehavior [ RunTime:0.000653s ]
INFO: [ app_begin ] --END-- [ RunTime:0.000762s ]
INFO: [ app_end ] --START--
INFO: Run Behavior\ShowPageTraceBehavior [ RunTime:0.001168s ]
INFO: [ app_end ] --END-- [ RunTime:0.001414s ]

[ 2018-06-22T14:02:25+08:00 ] 127.0.0.1 /site/test.html
INFO: [ app_init ] --START--
INFO: Run Behavior\BuildLiteBehavior [ RunTime:0.000028s ]
INFO: Run Common\Behavior\InitHookBehavior [ RunTime:0.002000s ]
INFO: [ app_init ] --END-- [ RunTime:0.002611s ]
INFO: [ app_begin ] --START--
INFO: Run Behavior\ReadHtmlCacheBehavior [ RunTime:0.000665s ]
INFO: [ app_begin ] --END-- [ RunTime:0.000777s ]
INFO: [ app_end ] --START--
INFO: Run Behavior\ShowPageTraceBehavior [ RunTime:0.000645s ]
INFO: [ app_end ] --END-- [ RunTime:0.000754s ]

[ 2018-06-22T14:02:31+08:00 ] 127.0.0.1 /Site/test.html
INFO: [ app_init ] --START--
INFO: Run Behavior\BuildLiteBehavior [ RunTime:0.000025s ]
INFO: Run Common\Behavior\InitHookBehavior [ RunTime:0.002602s ]
INFO: [ app_init ] --END-- [ RunTime:0.003235s ]
INFO: [ app_begin ] --START--
INFO: Run Behavior\ReadHtmlCacheBehavior [ RunTime:0.000672s ]
INFO: [ app_begin ] --END-- [ RunTime:0.000782s ]
INFO: [ app_end ] --START--
INFO: Run Behavior\ShowPageTraceBehavior [ RunTime:0.000596s ]
INFO: [ app_end ] --END-- [ RunTime:0.000706s ]

[ 2018-06-22T14:30:17+08:00 ] 127.0.0.1 /Site/test.html
INFO: [ app_init ] --START--
INFO: Run Behavior\BuildLiteBehavior [ RunTime:0.000024s ]
INFO: Run Common\Behavior\InitHookBehavior [ RunTime:0.002719s ]
INFO: [ app_init ] --END-- [ RunTime:0.003332s ]
INFO: [ app_begin ] --START--
INFO: Run Behavior\ReadHtmlCacheBehavior [ RunTime:0.000686s ]
INFO: [ app_begin ] --END-- [ RunTime:0.000803s ]
INFO: [ app_end ] --START--
INFO: Run Behavior\ShowPageTraceBehavior [ RunTime:0.000704s ]
INFO: [ app_end ] --END-- [ RunTime:0.000823s ]

[ 2018-06-22T14:30:22+08:00 ] 127.0.0.1 /Site/
INFO: [ app_init ] --START--
INFO: Run Behavior\BuildLiteBehavior [ RunTime:0.000056s ]
INFO: Run Common\Behavior\InitHookBehavior [ RunTime:0.002022s ]
INFO: [ app_init ] --END-- [ RunTime:0.003004s ]
INFO: [ app_begin ] --START--
INFO: Run Behavior\ReadHtmlCacheBehavior [ RunTime:0.000629s ]
INFO: [ app_begin ] --END-- [ RunTime:0.000763s ]
SQL: SHOW COLUMNS FROM `cell_pretree` [ RunTime:0.0034s ]
ERR: Think\Model:addNode方法不存在！

[ 2018-06-22T14:30:37+08:00 ] 127.0.0.1 /Site/
INFO: [ app_init ] --START--
INFO: Run Behavior\BuildLiteBehavior [ RunTime:0.000025s ]
INFO: Run Common\Behavior\InitHookBehavior [ RunTime:0.002733s ]
INFO: [ app_init ] --END-- [ RunTime:0.003300s ]
INFO: [ app_begin ] --START--
INFO: Run Behavior\ReadHtmlCacheBehavior [ RunTime:0.000717s ]
INFO: [ app_begin ] --END-- [ RunTime:0.000833s ]
SQL: SHOW COLUMNS FROM `cell_pretree` [ RunTime:0.0010s ]
NOTIC: [2] Missing argument 1 for Common\Model\PretreeModel::addNode(), called in E:\vhost\www\cells\Application\Wechat\Controller\SiteController.class.php on line 8 and defined E:\vhost\www\cells\Application\Common\Model\PretreeModel.class.php 第 14 行.
NOTIC: [8] Undefined variable: pid E:\vhost\www\cells\Application\Common\Model\PretreeModel.class.php 第 17 行.
SQL: SELECT * FROM `cell_pretree` WHERE `pid` = null LIMIT 1   [ RunTime:0.0003s ]
INFO: [ app_end ] --START--
INFO: Run Behavior\ShowPageTraceBehavior [ RunTime:0.000716s ]
INFO: [ app_end ] --END-- [ RunTime:0.000832s ]

[ 2018-06-22T14:30:37+08:00 ] 127.0.0.1 /Site/
INFO: [ app_init ] --START--
INFO: Run Behavior\BuildLiteBehavior [ RunTime:0.000037s ]
INFO: Run Common\Behavior\InitHookBehavior [ RunTime:0.002737s ]
INFO: [ app_init ] --END-- [ RunTime:0.003444s ]
INFO: [ app_begin ] --START--
INFO: Run Behavior\ReadHtmlCacheBehavior [ RunTime:0.001715s ]
INFO: [ app_begin ] --END-- [ RunTime:0.002003s ]
SQL: SHOW COLUMNS FROM `cell_pretree` [ RunTime:0.0010s ]
NOTIC: [2] Missing argument 1 for Common\Model\PretreeModel::addNode(), called in E:\vhost\www\cells\Application\Wechat\Controller\SiteController.class.php on line 8 and defined E:\vhost\www\cells\Application\Common\Model\PretreeModel.class.php 第 14 行.
NOTIC: [8] Undefined variable: pid E:\vhost\www\cells\Application\Common\Model\PretreeModel.class.php 第 17 行.
SQL: SELECT * FROM `cell_pretree` WHERE `pid` = null LIMIT 1   [ RunTime:0.0002s ]
INFO: [ app_end ] --START--
INFO: Run Behavior\ShowPageTraceBehavior [ RunTime:0.000673s ]
INFO: [ app_end ] --END-- [ RunTime:0.000783s ]

[ 2018-06-22T14:30:48+08:00 ] 127.0.0.1 /Site/
INFO: [ app_init ] --START--
INFO: Run Behavior\BuildLiteBehavior [ RunTime:0.000024s ]
INFO: Run Common\Behavior\InitHookBehavior [ RunTime:0.001932s ]
INFO: [ app_init ] --END-- [ RunTime:0.002460s ]
INFO: [ app_begin ] --START--
INFO: Run Behavior\ReadHtmlCacheBehavior [ RunTime:0.000550s ]
INFO: [ app_begin ] --END-- [ RunTime:0.000665s ]
SQL: SHOW COLUMNS FROM `cell_pretree` [ RunTime:0.0010s ]
ERR: Think\Model:addNode方法不存在！

[ 2018-06-22T14:30:56+08:00 ] 127.0.0.1 /Site/
INFO: [ app_init ] --START--
INFO: Run Behavior\BuildLiteBehavior [ RunTime:0.000049s ]
INFO: Run Common\Behavior\InitHookBehavior [ RunTime:0.002494s ]
INFO: [ app_init ] --END-- [ RunTime:0.003333s ]
INFO: [ app_begin ] --START--
INFO: Run Behavior\ReadHtmlCacheBehavior [ RunTime:0.000654s ]
INFO: [ app_begin ] --END-- [ RunTime:0.000768s ]
SQL: SHOW COLUMNS FROM `cell_pretree` [ RunTime:0.0011s ]
ERR: Think\Model:addNode方法不存在！

[ 2018-06-22T14:31:05+08:00 ] 127.0.0.1 /Site/
INFO: [ app_init ] --START--
INFO: Run Behavior\BuildLiteBehavior [ RunTime:0.000025s ]
INFO: Run Common\Behavior\InitHookBehavior [ RunTime:0.002755s ]
INFO: [ app_init ] --END-- [ RunTime:0.003390s ]
INFO: [ app_begin ] --START--
INFO: Run Behavior\ReadHtmlCacheBehavior [ RunTime:0.000628s ]
INFO: [ app_begin ] --END-- [ RunTime:0.000747s ]
SQL: SHOW COLUMNS FROM `cell_pretree` [ RunTime:0.0010s ]
NOTIC: [2] Missing argument 1 for Common\Model\PretreeModel::addNode(), called in E:\vhost\www\cells\Application\Wechat\Controller\SiteController.class.php on line 8 and defined E:\vhost\www\cells\Application\Common\Model\PretreeModel.class.php 第 14 行.
NOTIC: [8] Undefined variable: pid E:\vhost\www\cells\Application\Common\Model\PretreeModel.class.php 第 17 行.
SQL: SELECT * FROM `cell_pretree` WHERE `pid` = null LIMIT 1   [ RunTime:0.0003s ]
INFO: [ app_end ] --START--
INFO: Run Behavior\ShowPageTraceBehavior [ RunTime:0.000709s ]
INFO: [ app_end ] --END-- [ RunTime:0.000825s ]

[ 2018-06-22T14:31:25+08:00 ] 127.0.0.1 /Site/
INFO: [ app_init ] --START--
INFO: Run Behavior\BuildLiteBehavior [ RunTime:0.000022s ]
INFO: Run Common\Behavior\InitHookBehavior [ RunTime:0.002258s ]
INFO: [ app_init ] --END-- [ RunTime:0.002890s ]
INFO: [ app_begin ] --START--
INFO: Run Behavior\ReadHtmlCacheBehavior [ RunTime:0.000591s ]
INFO: [ app_begin ] --END-- [ RunTime:0.000692s ]
SQL: SHOW COLUMNS FROM `cell_pretree` [ RunTime:0.0010s ]
SQL: SELECT * FROM `cell_pretree` WHERE `pid` = 0 LIMIT 1   [ RunTime:0.0003s ]
INFO: [ app_end ] --START--
INFO: Run Behavior\ShowPageTraceBehavior [ RunTime:0.000723s ]
INFO: [ app_end ] --END-- [ RunTime:0.000848s ]

[ 2018-06-22T14:31:26+08:00 ] 127.0.0.1 /Site/
INFO: [ app_init ] --START--
INFO: Run Behavior\BuildLiteBehavior [ RunTime:0.000022s ]
INFO: Run Common\Behavior\InitHookBehavior [ RunTime:0.002254s ]
INFO: [ app_init ] --END-- [ RunTime:0.002865s ]
INFO: [ app_begin ] --START--
INFO: Run Behavior\ReadHtmlCacheBehavior [ RunTime:0.000634s ]
INFO: [ app_begin ] --END-- [ RunTime:0.000749s ]
SQL: SHOW COLUMNS FROM `cell_pretree` [ RunTime:0.0010s ]
SQL: SELECT * FROM `cell_pretree` WHERE `pid` = 0 LIMIT 1   [ RunTime:0.0003s ]
INFO: [ app_end ] --START--
INFO: Run Behavior\ShowPageTraceBehavior [ RunTime:0.000693s ]
INFO: [ app_end ] --END-- [ RunTime:0.000811s ]

[ 2018-06-22T14:31:27+08:00 ] 127.0.0.1 /Site/
INFO: [ app_init ] --START--
INFO: Run Behavior\BuildLiteBehavior [ RunTime:0.000023s ]
INFO: Run Common\Behavior\InitHookBehavior [ RunTime:0.002913s ]
INFO: [ app_init ] --END-- [ RunTime:0.003595s ]
INFO: [ app_begin ] --START--
INFO: Run Behavior\ReadHtmlCacheBehavior [ RunTime:0.000628s ]
INFO: [ app_begin ] --END-- [ RunTime:0.000739s ]
SQL: SHOW COLUMNS FROM `cell_pretree` [ RunTime:0.0010s ]
SQL: SELECT * FROM `cell_pretree` WHERE `pid` = 0 LIMIT 1   [ RunTime:0.0003s ]
INFO: [ app_end ] --START--
INFO: Run Behavior\ShowPageTraceBehavior [ RunTime:0.000669s ]
INFO: [ app_end ] --END-- [ RunTime:0.000769s ]

[ 2018-06-22T14:31:27+08:00 ] 127.0.0.1 /Site/
INFO: [ app_init ] --START--
INFO: Run Behavior\BuildLiteBehavior [ RunTime:0.000024s ]
INFO: Run Common\Behavior\InitHookBehavior [ RunTime:0.002290s ]
INFO: [ app_init ] --END-- [ RunTime:0.002885s ]
INFO: [ app_begin ] --START--
INFO: Run Behavior\ReadHtmlCacheBehavior [ RunTime:0.000560s ]
INFO: [ app_begin ] --END-- [ RunTime:0.000668s ]
SQL: SHOW COLUMNS FROM `cell_pretree` [ RunTime:0.0017s ]
SQL: SELECT * FROM `cell_pretree` WHERE `pid` = 0 LIMIT 1   [ RunTime:0.0003s ]
INFO: [ app_end ] --START--
INFO: Run Behavior\ShowPageTraceBehavior [ RunTime:0.000709s ]
INFO: [ app_end ] --END-- [ RunTime:0.000829s ]

[ 2018-06-22T14:31:27+08:00 ] 127.0.0.1 /Site/
INFO: [ app_init ] --START--
INFO: Run Behavior\BuildLiteBehavior [ RunTime:0.000026s ]
INFO: Run Common\Behavior\InitHookBehavior [ RunTime:0.001872s ]
INFO: [ app_init ] --END-- [ RunTime:0.002387s ]
INFO: [ app_begin ] --START--
INFO: Run Behavior\ReadHtmlCacheBehavior [ RunTime:0.000529s ]
INFO: [ app_begin ] --END-- [ RunTime:0.000640s ]
SQL: SHOW COLUMNS FROM `cell_pretree` [ RunTime:0.0010s ]
SQL: SELECT * FROM `cell_pretree` WHERE `pid` = 0 LIMIT 1   [ RunTime:0.0003s ]
INFO: [ app_end ] --START--
INFO: Run Behavior\ShowPageTraceBehavior [ RunTime:0.001120s ]
INFO: [ app_end ] --END-- [ RunTime:0.001307s ]

[ 2018-06-22T14:31:27+08:00 ] 127.0.0.1 /Site/
INFO: [ app_init ] --START--
INFO: Run Behavior\BuildLiteBehavior [ RunTime:0.000026s ]
INFO: Run Common\Behavior\InitHookBehavior [ RunTime:0.001904s ]
INFO: [ app_init ] --END-- [ RunTime:0.002463s ]
INFO: [ app_begin ] --START--
INFO: Run Behavior\ReadHtmlCacheBehavior [ RunTime:0.000544s ]
INFO: [ app_begin ] --END-- [ RunTime:0.000657s ]
SQL: SHOW COLUMNS FROM `cell_pretree` [ RunTime:0.0014s ]
SQL: SELECT * FROM `cell_pretree` WHERE `pid` = 0 LIMIT 1   [ RunTime:0.0004s ]
INFO: [ app_end ] --START--
INFO: Run Behavior\ShowPageTraceBehavior [ RunTime:0.000960s ]
INFO: [ app_end ] --END-- [ RunTime:0.001100s ]

[ 2018-06-22T14:31:27+08:00 ] 127.0.0.1 /Site/
INFO: [ app_init ] --START--
INFO: Run Behavior\BuildLiteBehavior [ RunTime:0.000022s ]
INFO: Run Common\Behavior\InitHookBehavior [ RunTime:0.002226s ]
INFO: [ app_init ] --END-- [ RunTime:0.002834s ]
INFO: [ app_begin ] --START--
INFO: Run Behavior\ReadHtmlCacheBehavior [ RunTime:0.000745s ]
INFO: [ app_begin ] --END-- [ RunTime:0.000937s ]
SQL: SHOW COLUMNS FROM `cell_pretree` [ RunTime:0.0010s ]
SQL: SELECT * FROM `cell_pretree` WHERE `pid` = 0 LIMIT 1   [ RunTime:0.0002s ]
INFO: [ app_end ] --START--
INFO: Run Behavior\ShowPageTraceBehavior [ RunTime:0.000699s ]
INFO: [ app_end ] --END-- [ RunTime:0.000807s ]

[ 2018-06-22T14:31:29+08:00 ] 127.0.0.1 /
INFO: [ app_init ] --START--
INFO: Run Behavior\BuildLiteBehavior [ RunTime:0.000027s ]
INFO: Run Common\Behavior\InitHookBehavior [ RunTime:0.003104s ]
INFO: [ app_init ] --END-- [ RunTime:0.003840s ]
INFO: [ app_begin ] --START--
INFO: Run Behavior\ReadHtmlCacheBehavior [ RunTime:0.000563s ]
INFO: [ app_begin ] --END-- [ RunTime:0.000674s ]
SQL: SHOW COLUMNS FROM `cell_pretree` [ RunTime:0.0023s ]
SQL: SELECT * FROM `cell_pretree` WHERE `pid` = 0 LIMIT 1   [ RunTime:0.0005s ]
INFO: [ app_end ] --START--
INFO: Run Behavior\ShowPageTraceBehavior [ RunTime:0.000899s ]
INFO: [ app_end ] --END-- [ RunTime:0.001075s ]

[ 2018-06-22T14:31:30+08:00 ] 127.0.0.1 /
INFO: [ app_init ] --START--
INFO: Run Behavior\BuildLiteBehavior [ RunTime:0.000034s ]
INFO: Run Common\Behavior\InitHookBehavior [ RunTime:0.002101s ]
INFO: [ app_init ] --END-- [ RunTime:0.002772s ]
INFO: [ app_begin ] --START--
INFO: Run Behavior\ReadHtmlCacheBehavior [ RunTime:0.000675s ]
INFO: [ app_begin ] --END-- [ RunTime:0.000801s ]
SQL: SHOW COLUMNS FROM `cell_pretree` [ RunTime:0.0022s ]
SQL: SELECT * FROM `cell_pretree` WHERE `pid` = 0 LIMIT 1   [ RunTime:0.0003s ]
INFO: [ app_end ] --START--
INFO: Run Behavior\ShowPageTraceBehavior [ RunTime:0.000700s ]
INFO: [ app_end ] --END-- [ RunTime:0.000814s ]

[ 2018-06-22T14:31:31+08:00 ] 127.0.0.1 /
INFO: [ app_init ] --START--
INFO: Run Behavior\BuildLiteBehavior [ RunTime:0.000021s ]
INFO: Run Common\Behavior\InitHookBehavior [ RunTime:0.002321s ]
INFO: [ app_init ] --END-- [ RunTime:0.002877s ]
INFO: [ app_begin ] --START--
INFO: Run Behavior\ReadHtmlCacheBehavior [ RunTime:0.000561s ]
INFO: [ app_begin ] --END-- [ RunTime:0.000664s ]
SQL: SHOW COLUMNS FROM `cell_pretree` [ RunTime:0.0005s ]
SQL: SELECT * FROM `cell_pretree` WHERE `pid` = 0 LIMIT 1   [ RunTime:0.0003s ]
INFO: [ app_end ] --START--
INFO: Run Behavior\ShowPageTraceBehavior [ RunTime:0.000734s ]
INFO: [ app_end ] --END-- [ RunTime:0.000834s ]

[ 2018-06-22T14:31:41+08:00 ] 127.0.0.1 /
INFO: [ app_init ] --START--
INFO: Run Behavior\BuildLiteBehavior [ RunTime:0.000024s ]
INFO: Run Common\Behavior\InitHookBehavior [ RunTime:0.002416s ]
INFO: [ app_init ] --END-- [ RunTime:0.003053s ]
INFO: [ app_begin ] --START--
INFO: Run Behavior\ReadHtmlCacheBehavior [ RunTime:0.000665s ]
INFO: [ app_begin ] --END-- [ RunTime:0.000786s ]
SQL: SHOW COLUMNS FROM `cell_pretree` [ RunTime:0.0006s ]
SQL: SELECT * FROM `cell_pretree` WHERE `pid` = 0 LIMIT 1   [ RunTime:0.0003s ]
INFO: [ app_end ] --START--
INFO: Run Behavior\ShowPageTraceBehavior [ RunTime:0.000770s ]
INFO: [ app_end ] --END-- [ RunTime:0.000891s ]

[ 2018-06-22T14:32:34+08:00 ] 127.0.0.1 /
INFO: [ app_init ] --START--
INFO: Run Behavior\BuildLiteBehavior [ RunTime:0.000024s ]
INFO: Run Common\Behavior\InitHookBehavior [ RunTime:0.002261s ]
INFO: [ app_init ] --END-- [ RunTime:0.002874s ]
INFO: [ app_begin ] --START--
INFO: Run Behavior\ReadHtmlCacheBehavior [ RunTime:0.000634s ]
INFO: [ app_begin ] --END-- [ RunTime:0.000751s ]
SQL: SHOW COLUMNS FROM `cell_pretree` [ RunTime:0.0006s ]
ERR: Think\Model:addNode方法不存在！

[ 2018-06-22T14:32:35+08:00 ] 127.0.0.1 /
INFO: [ app_init ] --START--
INFO: Run Behavior\BuildLiteBehavior [ RunTime:0.000035s ]
INFO: Run Common\Behavior\InitHookBehavior [ RunTime:0.001982s ]
INFO: [ app_init ] --END-- [ RunTime:0.003308s ]
INFO: [ app_begin ] --START--
INFO: Run Behavior\ReadHtmlCacheBehavior [ RunTime:0.000536s ]
INFO: [ app_begin ] --END-- [ RunTime:0.000655s ]
SQL: SHOW COLUMNS FROM `cell_pretree` [ RunTime:0.0005s ]
ERR: Think\Model:addNode方法不存在！

[ 2018-06-22T14:32:35+08:00 ] 127.0.0.1 /
INFO: [ app_init ] --START--
INFO: Run Behavior\BuildLiteBehavior [ RunTime:0.000049s ]
INFO: Run Common\Behavior\InitHookBehavior [ RunTime:0.002766s ]
INFO: [ app_init ] --END-- [ RunTime:0.003575s ]
INFO: [ app_begin ] --START--
INFO: Run Behavior\ReadHtmlCacheBehavior [ RunTime:0.001849s ]
INFO: [ app_begin ] --END-- [ RunTime:0.002121s ]
SQL: SHOW COLUMNS FROM `cell_pretree` [ RunTime:0.0006s ]
ERR: Think\Model:addNode方法不存在！

[ 2018-06-22T14:34:56+08:00 ] 127.0.0.1 /
INFO: [ app_init ] --START--
INFO: Run Behavior\BuildLiteBehavior [ RunTime:0.000025s ]
INFO: Run Common\Behavior\InitHookBehavior [ RunTime:0.002426s ]
INFO: [ app_init ] --END-- [ RunTime:0.003071s ]
INFO: [ app_begin ] --START--
INFO: Run Behavior\ReadHtmlCacheBehavior [ RunTime:0.000715s ]
INFO: [ app_begin ] --END-- [ RunTime:0.000836s ]
SQL: SHOW COLUMNS FROM `cell_pretree` [ RunTime:0.0006s ]
SQL: SELECT * FROM `cell_pretree` WHERE `pid` = 0 LIMIT 1   [ RunTime:0.0003s ]
INFO: [ app_end ] --START--
INFO: Run Behavior\ShowPageTraceBehavior [ RunTime:0.000819s ]
INFO: [ app_end ] --END-- [ RunTime:0.000933s ]

[ 2018-06-22T14:34:57+08:00 ] 127.0.0.1 /
INFO: [ app_init ] --START--
INFO: Run Behavior\BuildLiteBehavior [ RunTime:0.000024s ]
INFO: Run Common\Behavior\InitHookBehavior [ RunTime:0.001931s ]
INFO: [ app_init ] --END-- [ RunTime:0.002465s ]
INFO: [ app_begin ] --START--
INFO: Run Behavior\ReadHtmlCacheBehavior [ RunTime:0.000531s ]
INFO: [ app_begin ] --END-- [ RunTime:0.000641s ]
SQL: SHOW COLUMNS FROM `cell_pretree` [ RunTime:0.0005s ]
SQL: SELECT * FROM `cell_pretree` WHERE `pid` = 0 LIMIT 1   [ RunTime:0.0003s ]
INFO: [ app_end ] --START--
INFO: Run Behavior\ShowPageTraceBehavior [ RunTime:0.000683s ]
INFO: [ app_end ] --END-- [ RunTime:0.000785s ]

[ 2018-06-22T14:34:57+08:00 ] 127.0.0.1 /
INFO: [ app_init ] --START--
INFO: Run Behavior\BuildLiteBehavior [ RunTime:0.000021s ]
INFO: Run Common\Behavior\InitHookBehavior [ RunTime:0.001964s ]
INFO: [ app_init ] --END-- [ RunTime:0.002460s ]
INFO: [ app_begin ] --START--
INFO: Run Behavior\ReadHtmlCacheBehavior [ RunTime:0.000552s ]
INFO: [ app_begin ] --END-- [ RunTime:0.000661s ]
SQL: SHOW COLUMNS FROM `cell_pretree` [ RunTime:0.0005s ]
SQL: SELECT * FROM `cell_pretree` WHERE `pid` = 0 LIMIT 1   [ RunTime:0.0002s ]
INFO: [ app_end ] --START--
INFO: Run Behavior\ShowPageTraceBehavior [ RunTime:0.000661s ]
INFO: [ app_end ] --END-- [ RunTime:0.000764s ]

[ 2018-06-22T14:34:58+08:00 ] 127.0.0.1 /
INFO: [ app_init ] --START--
INFO: Run Behavior\BuildLiteBehavior [ RunTime:0.000027s ]
INFO: Run Common\Behavior\InitHookBehavior [ RunTime:0.001951s ]
INFO: [ app_init ] --END-- [ RunTime:0.002545s ]
INFO: [ app_begin ] --START--
INFO: Run Behavior\ReadHtmlCacheBehavior [ RunTime:0.000540s ]
INFO: [ app_begin ] --END-- [ RunTime:0.000654s ]
SQL: SHOW COLUMNS FROM `cell_pretree` [ RunTime:0.0012s ]
SQL: SELECT * FROM `cell_pretree` WHERE `pid` = 0 LIMIT 1   [ RunTime:0.0004s ]
INFO: [ app_end ] --START--
INFO: Run Behavior\ShowPageTraceBehavior [ RunTime:0.001127s ]
INFO: [ app_end ] --END-- [ RunTime:0.001283s ]

[ 2018-06-22T14:35:14+08:00 ] 127.0.0.1 /
INFO: [ app_init ] --START--
INFO: Run Behavior\BuildLiteBehavior [ RunTime:0.000024s ]
INFO: Run Common\Behavior\InitHookBehavior [ RunTime:0.002799s ]
INFO: [ app_init ] --END-- [ RunTime:0.003461s ]
INFO: [ app_begin ] --START--
INFO: Run Behavior\ReadHtmlCacheBehavior [ RunTime:0.000789s ]
INFO: [ app_begin ] --END-- [ RunTime:0.000907s ]
SQL: SHOW COLUMNS FROM `cell_pretree` [ RunTime:0.0005s ]
SQL: SELECT * FROM `cell_pretree` WHERE `pid` = 0 LIMIT 1   [ RunTime:0.0003s ]
INFO: [ app_end ] --START--
INFO: Run Behavior\ShowPageTraceBehavior [ RunTime:0.000713s ]
INFO: [ app_end ] --END-- [ RunTime:0.000827s ]

[ 2018-06-22T15:47:53+08:00 ] 127.0.0.1 /
INFO: [ app_init ] --START--
INFO: Run Behavior\BuildLiteBehavior [ RunTime:0.000023s ]
INFO: Run Common\Behavior\InitHookBehavior [ RunTime:0.002794s ]
INFO: [ app_init ] --END-- [ RunTime:0.003411s ]
INFO: [ app_begin ] --START--
INFO: Run Behavior\ReadHtmlCacheBehavior [ RunTime:0.000728s ]
INFO: [ app_begin ] --END-- [ RunTime:0.000848s ]
SQL: SHOW COLUMNS FROM `cell_pretree` [ RunTime:0.0006s ]
SQL: SELECT * FROM `cell_pretree` WHERE `pid` = 0 LIMIT 1   [ RunTime:0.0003s ]
SQL: UPDATE `cell_pretree` SET `l_leaf`=l_leaf+2 WHERE `l_leaf` >= '2' [ RunTime:0.0200s ]
SQL: UPDATE `cell_pretree` SET `r_leaf`=r_leaf+2 WHERE `r_leaf` >= '2' [ RunTime:0.0074s ]
SQL: INSERT INTO `cell_pretree` (`uid`,`pid`,`l_leaf`,`r_leaf`,`level`) VALUES ('1','0','2','3','1') [ RunTime:0.0011s ]
INFO: [ app_end ] --START--
INFO: Run Behavior\ShowPageTraceBehavior [ RunTime:0.002552s ]
INFO: [ app_end ] --END-- [ RunTime:0.002959s ]

[ 2018-06-22T15:48:32+08:00 ] 127.0.0.1 /
INFO: [ app_init ] --START--
INFO: Run Behavior\BuildLiteBehavior [ RunTime:0.000023s ]
INFO: Run Common\Behavior\InitHookBehavior [ RunTime:0.002756s ]
INFO: [ app_init ] --END-- [ RunTime:0.003421s ]
INFO: [ app_begin ] --START--
INFO: Run Behavior\ReadHtmlCacheBehavior [ RunTime:0.000733s ]
INFO: [ app_begin ] --END-- [ RunTime:0.000853s ]
SQL: SHOW COLUMNS FROM `cell_pretree` [ RunTime:0.0006s ]
SQL: SELECT * FROM `cell_pretree` WHERE `pid` = 0 LIMIT 1   [ RunTime:0.0003s ]
SQL: UPDATE `cell_pretree` SET `l_leaf`=l_leaf+2 WHERE `l_leaf` >= '4' [ RunTime:0.0002s ]
SQL: UPDATE `cell_pretree` SET `r_leaf`=r_leaf+2 WHERE `r_leaf` >= '4' [ RunTime:0.0003s ]
SQL: INSERT INTO `cell_pretree` (`uid`,`pid`,`l_leaf`,`r_leaf`,`level`) VALUES ('2','0','4','5','1') [ RunTime:0.0003s ]
INFO: [ app_end ] --START--
INFO: Run Behavior\ShowPageTraceBehavior [ RunTime:0.000826s ]
INFO: [ app_end ] --END-- [ RunTime:0.000934s ]

[ 2018-06-22T15:49:39+08:00 ] 127.0.0.1 /
INFO: [ app_init ] --START--
INFO: Run Behavior\BuildLiteBehavior [ RunTime:0.000023s ]
INFO: Run Common\Behavior\InitHookBehavior [ RunTime:0.002368s ]
INFO: [ app_init ] --END-- [ RunTime:0.003006s ]
INFO: [ app_begin ] --START--
INFO: Run Behavior\ReadHtmlCacheBehavior [ RunTime:0.000659s ]
INFO: [ app_begin ] --END-- [ RunTime:0.000779s ]
SQL: SHOW COLUMNS FROM `cell_pretree` [ RunTime:0.0006s ]
SQL: SELECT * FROM `cell_pretree` WHERE `pid` = 0 LIMIT 1   [ RunTime:0.0003s ]
SQL: UPDATE `cell_pretree` SET `l_leaf`=l_leaf+2 WHERE `l_leaf` >= '6' [ RunTime:0.0002s ]
SQL: UPDATE `cell_pretree` SET `r_leaf`=r_leaf+2 WHERE `r_leaf` >= '6' [ RunTime:0.0003s ]
SQL: INSERT INTO `cell_pretree` (`uid`,`pid`,`l_leaf`,`r_leaf`,`level`) VALUES ('3','1','6','7','1') [ RunTime:0.0003s ]
INFO: [ app_end ] --START--
INFO: Run Behavior\ShowPageTraceBehavior [ RunTime:0.000713s ]
INFO: [ app_end ] --END-- [ RunTime:0.000821s ]

[ 2018-06-22T15:54:09+08:00 ] 127.0.0.1 /
INFO: [ app_init ] --START--
INFO: Run Behavior\BuildLiteBehavior [ RunTime:0.000023s ]
INFO: Run Common\Behavior\InitHookBehavior [ RunTime:0.002772s ]
INFO: [ app_init ] --END-- [ RunTime:0.003391s ]
INFO: [ app_begin ] --START--
INFO: Run Behavior\ReadHtmlCacheBehavior [ RunTime:0.000689s ]
INFO: [ app_begin ] --END-- [ RunTime:0.000789s ]
SQL: SHOW COLUMNS FROM `cell_pretree` [ RunTime:0.0010s ]
SQL: SELECT * FROM `cell_pretree` WHERE `pid` = 0 LIMIT 1   [ RunTime:0.0003s ]
SQL: UPDATE `cell_pretree` SET `l_leaf`=l_leaf+2 WHERE `l_leaf` >= '2' [ RunTime:0.0002s ]
INFO: [ app_end ] --START--
INFO: Run Behavior\ShowPageTraceBehavior [ RunTime:0.000784s ]
INFO: [ app_end ] --END-- [ RunTime:0.000897s ]

[ 2018-06-22T15:54:21+08:00 ] 127.0.0.1 /
INFO: [ app_init ] --START--
INFO: Run Behavior\BuildLiteBehavior [ RunTime:0.000025s ]
INFO: Run Common\Behavior\InitHookBehavior [ RunTime:0.002337s ]
INFO: [ app_init ] --END-- [ RunTime:0.002986s ]
INFO: [ app_begin ] --START--
INFO: Run Behavior\ReadHtmlCacheBehavior [ RunTime:0.000617s ]
INFO: [ app_begin ] --END-- [ RunTime:0.000729s ]
SQL: SHOW COLUMNS FROM `cell_pretree` [ RunTime:0.0011s ]
SQL: SELECT * FROM `cell_pretree` WHERE `pid` = 0 LIMIT 1   [ RunTime:0.0003s ]
SQL: UPDATE `cell_pretree` SET `l_leaf`=l_leaf+2 WHERE `l_leaf` >= '2' [ RunTime:0.0002s ]
INFO: [ app_end ] --START--
INFO: Run Behavior\ShowPageTraceBehavior [ RunTime:0.000843s ]
INFO: [ app_end ] --END-- [ RunTime:0.000958s ]

[ 2018-06-22T15:54:48+08:00 ] 127.0.0.1 /
INFO: [ app_init ] --START--
INFO: Run Behavior\BuildLiteBehavior [ RunTime:0.000027s ]
INFO: Run Common\Behavior\InitHookBehavior [ RunTime:0.002407s ]
INFO: [ app_init ] --END-- [ RunTime:0.003046s ]
INFO: [ app_begin ] --START--
INFO: Run Behavior\ReadHtmlCacheBehavior [ RunTime:0.000660s ]
INFO: [ app_begin ] --END-- [ RunTime:0.000779s ]
SQL: SHOW COLUMNS FROM `cell_pretree` [ RunTime:0.0010s ]
SQL: SELECT * FROM `cell_pretree` WHERE `pid` = 0 LIMIT 1   [ RunTime:0.0003s ]
SQL: UPDATE `cell_pretree` SET `l_leaf`=l_leaf+2 WHERE `l_leaf` >= '2' [ RunTime:0.0002s ]
INFO: [ app_end ] --START--
INFO: Run Behavior\ShowPageTraceBehavior [ RunTime:0.000735s ]
INFO: [ app_end ] --END-- [ RunTime:0.000849s ]

[ 2018-06-22T15:56:46+08:00 ] 127.0.0.1 /
INFO: [ app_init ] --START--
INFO: Run Behavior\BuildLiteBehavior [ RunTime:0.000024s ]
INFO: Run Common\Behavior\InitHookBehavior [ RunTime:0.002707s ]
INFO: [ app_init ] --END-- [ RunTime:0.003352s ]
INFO: [ app_begin ] --START--
INFO: Run Behavior\ReadHtmlCacheBehavior [ RunTime:0.000714s ]
INFO: [ app_begin ] --END-- [ RunTime:0.000833s ]
SQL: SHOW COLUMNS FROM `cell_pretree` [ RunTime:0.0010s ]
SQL: SELECT * FROM `cell_pretree` WHERE `pid` = 0 LIMIT 1   [ RunTime:0.0003s ]
SQL: UPDATE `cell_pretree` SET `l_leaf`=l_leaf+2 WHERE `l_leaf` >= '2' [ RunTime:0.0002s ]
SQL: UPDATE `cell_pretree` SET `r_leaf`=r_leaf+2 WHERE `r_leaf` >= '2' [ RunTime:0.0003s ]
SQL: INSERT INTO `cell_pretree` (`uid`,`l_leaf`,`r_leaf`,`level`,`pid`) VALUES ('1','2','3','1','0') [ RunTime:0.0003s ]
INFO: [ app_end ] --START--
INFO: Run Behavior\ShowPageTraceBehavior [ RunTime:0.000752s ]
INFO: [ app_end ] --END-- [ RunTime:0.000861s ]

[ 2018-06-22T15:57:05+08:00 ] 127.0.0.1 /
INFO: [ app_init ] --START--
INFO: Run Behavior\BuildLiteBehavior [ RunTime:0.000023s ]
INFO: Run Common\Behavior\InitHookBehavior [ RunTime:0.002733s ]
INFO: [ app_init ] --END-- [ RunTime:0.003391s ]
INFO: [ app_begin ] --START--
INFO: Run Behavior\ReadHtmlCacheBehavior [ RunTime:0.000733s ]
INFO: [ app_begin ] --END-- [ RunTime:0.000851s ]
SQL: SHOW COLUMNS FROM `cell_pretree` [ RunTime:0.0010s ]
SQL: SELECT * FROM `cell_pretree` WHERE `pid` = 0 LIMIT 1   [ RunTime:0.0004s ]
SQL: UPDATE `cell_pretree` SET `l_leaf`=l_leaf+2 WHERE `l_leaf` >= '4' [ RunTime:0.0002s ]
SQL: UPDATE `cell_pretree` SET `r_leaf`=r_leaf+2 WHERE `r_leaf` >= '4' [ RunTime:0.0003s ]
SQL: INSERT INTO `cell_pretree` (`uid`,`l_leaf`,`r_leaf`,`level`,`pid`) VALUES ('2','4','5','1','0') [ RunTime:0.0003s ]
INFO: [ app_end ] --START--
INFO: Run Behavior\ShowPageTraceBehavior [ RunTime:0.000801s ]
INFO: [ app_end ] --END-- [ RunTime:0.000914s ]

[ 2018-06-22T15:57:23+08:00 ] 127.0.0.1 /
INFO: [ app_init ] --START--
INFO: Run Behavior\BuildLiteBehavior [ RunTime:0.000024s ]
INFO: Run Common\Behavior\InitHookBehavior [ RunTime:0.002342s ]
INFO: [ app_init ] --END-- [ RunTime:0.002970s ]
INFO: [ app_begin ] --START--
INFO: Run Behavior\ReadHtmlCacheBehavior [ RunTime:0.000636s ]
INFO: [ app_begin ] --END-- [ RunTime:0.000832s ]
SQL: SHOW COLUMNS FROM `cell_pretree` [ RunTime:0.0010s ]
SQL: SELECT * FROM `cell_pretree` WHERE `pid` = 1 LIMIT 1   [ RunTime:0.0003s ]
SQL: UPDATE `cell_pretree` SET `l_leaf`=l_leaf+2 WHERE `l_leaf` >= null [ RunTime:0.0002s ]
SQL: UPDATE `cell_pretree` SET `r_leaf`=r_leaf+2 WHERE `r_leaf` >= null [ RunTime:0.0002s ]
SQL: INSERT INTO `cell_pretree` (`uid`,`r_leaf`,`level`,`pid`) VALUES ('3','1','1','1') [ RunTime:0.0003s ]
INFO: [ app_end ] --START--
INFO: Run Behavior\ShowPageTraceBehavior [ RunTime:0.000671s ]
INFO: [ app_end ] --END-- [ RunTime:0.000796s ]

[ 2018-06-22T15:58:31+08:00 ] 127.0.0.1 /
INFO: [ app_init ] --START--
INFO: Run Behavior\BuildLiteBehavior [ RunTime:0.000024s ]
INFO: Run Common\Behavior\InitHookBehavior [ RunTime:0.002010s ]
INFO: [ app_init ] --END-- [ RunTime:0.002567s ]
INFO: [ app_begin ] --START--
INFO: Run Behavior\ReadHtmlCacheBehavior [ RunTime:0.000613s ]
INFO: [ app_begin ] --END-- [ RunTime:0.000732s ]
SQL: SHOW COLUMNS FROM `cell_pretree` [ RunTime:0.0010s ]
SQL: SELECT * FROM `cell_pretree` WHERE `uid` = 0 LIMIT 1   [ RunTime:0.0003s ]
SQL: UPDATE `cell_pretree` SET `l_leaf`=l_leaf+2 WHERE `l_leaf` >= '2' [ RunTime:0.0002s ]
SQL: UPDATE `cell_pretree` SET `r_leaf`=r_leaf+2 WHERE `r_leaf` >= '2' [ RunTime:0.0002s ]
SQL: INSERT INTO `cell_pretree` (`uid`,`l_leaf`,`r_leaf`,`level`,`pid`) VALUES ('1','2','3','1','0') [ RunTime:0.0003s ]
INFO: [ app_end ] --START--
INFO: Run Behavior\ShowPageTraceBehavior [ RunTime:0.000720s ]
INFO: [ app_end ] --END-- [ RunTime:0.000834s ]

[ 2018-06-22T15:58:45+08:00 ] 127.0.0.1 /
INFO: [ app_init ] --START--
INFO: Run Behavior\BuildLiteBehavior [ RunTime:0.000024s ]
INFO: Run Common\Behavior\InitHookBehavior [ RunTime:0.002259s ]
INFO: [ app_init ] --END-- [ RunTime:0.002847s ]
INFO: [ app_begin ] --START--
INFO: Run Behavior\ReadHtmlCacheBehavior [ RunTime:0.000592s ]
INFO: [ app_begin ] --END-- [ RunTime:0.000710s ]
SQL: SHOW COLUMNS FROM `cell_pretree` [ RunTime:0.0011s ]
SQL: SELECT * FROM `cell_pretree` WHERE `uid` = 0 LIMIT 1   [ RunTime:0.0003s ]
SQL: UPDATE `cell_pretree` SET `l_leaf`=l_leaf+2 WHERE `l_leaf` >= '4' [ RunTime:0.0002s ]
SQL: UPDATE `cell_pretree` SET `r_leaf`=r_leaf+2 WHERE `r_leaf` >= '4' [ RunTime:0.0003s ]
SQL: INSERT INTO `cell_pretree` (`uid`,`l_leaf`,`r_leaf`,`level`,`pid`) VALUES ('2','4','5','1','0') [ RunTime:0.0003s ]
INFO: [ app_end ] --START--
INFO: Run Behavior\ShowPageTraceBehavior [ RunTime:0.000737s ]
INFO: [ app_end ] --END-- [ RunTime:0.000850s ]

[ 2018-06-22T15:59:00+08:00 ] 127.0.0.1 /
INFO: [ app_init ] --START--
INFO: Run Behavior\BuildLiteBehavior [ RunTime:0.000024s ]
INFO: Run Common\Behavior\InitHookBehavior [ RunTime:0.002688s ]
INFO: [ app_init ] --END-- [ RunTime:0.003347s ]
INFO: [ app_begin ] --START--
INFO: Run Behavior\ReadHtmlCacheBehavior [ RunTime:0.000726s ]
INFO: [ app_begin ] --END-- [ RunTime:0.000846s ]
SQL: SHOW COLUMNS FROM `cell_pretree` [ RunTime:0.0010s ]
SQL: SELECT * FROM `cell_pretree` WHERE `uid` = 1 LIMIT 1   [ RunTime:0.0004s ]
SQL: UPDATE `cell_pretree` SET `l_leaf`=l_leaf+2 WHERE `l_leaf` >= '3' [ RunTime:0.0003s ]
INFO: [ app_end ] --START--
INFO: Run Behavior\ShowPageTraceBehavior [ RunTime:0.000768s ]
INFO: [ app_end ] --END-- [ RunTime:0.000893s ]

[ 2018-06-22T15:59:18+08:00 ] 127.0.0.1 /
INFO: [ app_init ] --START--
INFO: Run Behavior\BuildLiteBehavior [ RunTime:0.000024s ]
INFO: Run Common\Behavior\InitHookBehavior [ RunTime:0.002550s ]
INFO: [ app_init ] --END-- [ RunTime:0.003221s ]
INFO: [ app_begin ] --START--
INFO: Run Behavior\ReadHtmlCacheBehavior [ RunTime:0.000695s ]
INFO: [ app_begin ] --END-- [ RunTime:0.000817s ]
SQL: SHOW COLUMNS FROM `cell_pretree` [ RunTime:0.0010s ]
SQL: SELECT * FROM `cell_pretree` WHERE `uid` = 1 LIMIT 1   [ RunTime:0.0003s ]
SQL: UPDATE `cell_pretree` SET `l_leaf`=l_leaf+2 WHERE `l_leaf` >= '3' [ RunTime:0.0002s ]
INFO: [ app_end ] --START--
INFO: Run Behavior\ShowPageTraceBehavior [ RunTime:0.000724s ]
INFO: [ app_end ] --END-- [ RunTime:0.000827s ]

[ 2018-06-22T15:59:43+08:00 ] 127.0.0.1 /
INFO: [ app_init ] --START--
INFO: Run Behavior\BuildLiteBehavior [ RunTime:0.000026s ]
INFO: Run Common\Behavior\InitHookBehavior [ RunTime:0.002726s ]
INFO: [ app_init ] --END-- [ RunTime:0.003372s ]
INFO: [ app_begin ] --START--
INFO: Run Behavior\ReadHtmlCacheBehavior [ RunTime:0.000660s ]
INFO: [ app_begin ] --END-- [ RunTime:0.000778s ]
SQL: SHOW COLUMNS FROM `cell_pretree` [ RunTime:0.0010s ]
SQL: SELECT * FROM `cell_pretree` WHERE `uid` = 1 LIMIT 1   [ RunTime:0.0003s ]
SQL: UPDATE `cell_pretree` SET `l_leaf`=l_leaf+2 WHERE `l_leaf` >= '3' [ RunTime:0.0003s ]
INFO: [ app_end ] --START--
INFO: Run Behavior\ShowPageTraceBehavior [ RunTime:0.000685s ]
INFO: [ app_end ] --END-- [ RunTime:0.000798s ]

[ 2018-06-22T16:00:08+08:00 ] 127.0.0.1 /
INFO: [ app_init ] --START--
INFO: Run Behavior\BuildLiteBehavior [ RunTime:0.000022s ]
INFO: Run Common\Behavior\InitHookBehavior [ RunTime:0.002318s ]
INFO: [ app_init ] --END-- [ RunTime:0.002946s ]
INFO: [ app_begin ] --START--
INFO: Run Behavior\ReadHtmlCacheBehavior [ RunTime:0.000652s ]
INFO: [ app_begin ] --END-- [ RunTime:0.000770s ]
SQL: SHOW COLUMNS FROM `cell_pretree` [ RunTime:0.0006s ]
SQL: SELECT * FROM `cell_pretree` WHERE `uid` = 1 LIMIT 1   [ RunTime:0.0003s ]
SQL: UPDATE `cell_pretree` SET `l_leaf`=l_leaf+2 WHERE `l_leaf` >= '3' [ RunTime:0.0003s ]
SQL: UPDATE `cell_pretree` SET `r_leaf`=r_leaf+2 WHERE `r_leaf` >= '3' [ RunTime:0.0003s ]
SQL: INSERT INTO `cell_pretree` (`uid`,`l_leaf`,`r_leaf`,`level`,`pid`) VALUES ('3','3','4','2','1') [ RunTime:0.0003s ]
INFO: [ app_end ] --START--
INFO: Run Behavior\ShowPageTraceBehavior [ RunTime:0.000688s ]
INFO: [ app_end ] --END-- [ RunTime:0.000802s ]

[ 2018-06-22T16:02:43+08:00 ] 127.0.0.1 /
INFO: [ app_init ] --START--
INFO: Run Behavior\BuildLiteBehavior [ RunTime:0.000024s ]
INFO: Run Common\Behavior\InitHookBehavior [ RunTime:0.002411s ]
INFO: [ app_init ] --END-- [ RunTime:0.002975s ]
INFO: [ app_begin ] --START--
INFO: Run Behavior\ReadHtmlCacheBehavior [ RunTime:0.000704s ]
INFO: [ app_begin ] --END-- [ RunTime:0.000822s ]
SQL: SHOW COLUMNS FROM `cell_pretree` [ RunTime:0.0005s ]
SQL: SELECT * FROM `cell_pretree` WHERE `uid` = 0 LIMIT 1   [ RunTime:0.0003s ]
SQL: UPDATE `cell_pretree` SET `l_leaf`=l_leaf+2 WHERE `l_leaf` >= '2' [ RunTime:0.0002s ]
SQL: UPDATE `cell_pretree` SET `r_leaf`=r_leaf+2 WHERE `r_leaf` >= '2' [ RunTime:0.0002s ]
SQL: INSERT INTO `cell_pretree` (`uid`,`l_leaf`,`r_leaf`,`level`,`pid`) VALUES ('1','2','3','1','0') [ RunTime:0.0003s ]
SQL: SELECT * FROM `cell_pretree` WHERE `uid` = 0 LIMIT 1   [ RunTime:0.0002s ]
SQL: UPDATE `cell_pretree` SET `l_leaf`=l_leaf+2 WHERE `l_leaf` >= '4' [ RunTime:0.0002s ]
SQL: UPDATE `cell_pretree` SET `r_leaf`=r_leaf+2 WHERE `r_leaf` >= '4' [ RunTime:0.0002s ]
SQL: INSERT INTO `cell_pretree` (`uid`,`l_leaf`,`r_leaf`,`level`,`pid`) VALUES ('2','4','5','1','0') [ RunTime:0.0002s ]
SQL: SELECT * FROM `cell_pretree` WHERE `uid` = 1 LIMIT 1   [ RunTime:0.0002s ]
SQL: UPDATE `cell_pretree` SET `l_leaf`=l_leaf+2 WHERE `l_leaf` >= '3' [ RunTime:0.0002s ]
SQL: UPDATE `cell_pretree` SET `r_leaf`=r_leaf+2 WHERE `r_leaf` >= '3' [ RunTime:0.0002s ]
SQL: INSERT INTO `cell_pretree` (`uid`,`l_leaf`,`r_leaf`,`level`,`pid`) VALUES ('3','3','4','2','1') [ RunTime:0.0002s ]
INFO: [ app_end ] --START--
INFO: Run Behavior\ShowPageTraceBehavior [ RunTime:0.000721s ]
INFO: [ app_end ] --END-- [ RunTime:0.000829s ]

[ 2018-06-22T16:07:35+08:00 ] 127.0.0.1 /
INFO: [ app_init ] --START--
INFO: Run Behavior\BuildLiteBehavior [ RunTime:0.000023s ]
INFO: Run Common\Behavior\InitHookBehavior [ RunTime:0.002760s ]
INFO: [ app_init ] --END-- [ RunTime:0.003384s ]
INFO: [ app_begin ] --START--
INFO: Run Behavior\ReadHtmlCacheBehavior [ RunTime:0.000727s ]
INFO: [ app_begin ] --END-- [ RunTime:0.000839s ]
SQL: SHOW COLUMNS FROM `cell_pretree` [ RunTime:0.0010s ]
SQL: SELECT * FROM `cell_pretree` WHERE `uid` = 0 LIMIT 1   [ RunTime:0.0003s ]
SQL: UPDATE `cell_pretree` SET `l_leaf`=l_leaf+2 WHERE `l_leaf` >= '8' [ RunTime:0.0002s ]
SQL: UPDATE `cell_pretree` SET `r_leaf`=r_leaf+2 WHERE `r_leaf` >= '8' [ RunTime:0.0002s ]
ERR: SQLSTATE[23000]: Integrity constraint violation: 1062 Duplicate entry '1' for key 'I_uid'

